# Logfile created on 2020-06-20 16:09:59 +0000 by logger.rb/47272
A, [2020-06-20T16:09:59.945394 #2747]   ANY -- : healthd daemon 1.0.3 initialized
W, [2020-06-20T16:10:00.087679 #2747]  WARN -- : log file "/var/log/nginx/healthd/application.log.2020-06-20-16" does not exist
W, [2020-06-20T16:10:05.087937 #2747]  WARN -- : log file "/var/log/nginx/healthd/application.log.2020-06-20-16" does not exist
W, [2020-06-20T16:10:10.718885 #2747]  WARN -- : log file "/var/log/nginx/healthd/application.log.2020-06-20-16" does not exist
W, [2020-06-20T16:10:15.719208 #2747]  WARN -- : log file "/var/log/nginx/healthd/application.log.2020-06-20-16" does not exist
W, [2020-06-20T16:10:20.719530 #2747]  WARN -- : log file "/var/log/nginx/healthd/application.log.2020-06-20-16" does not exist
W, [2020-06-20T16:10:25.719854 #2747]  WARN -- : log file "/var/log/nginx/healthd/application.log.2020-06-20-16" does not exist
W, [2020-06-20T16:10:30.720116 #2747]  WARN -- : log file "/var/log/nginx/healthd/application.log.2020-06-20-16" does not exist
W, [2020-06-20T16:10:35.720449 #2747]  WARN -- : log file "/var/log/nginx/healthd/application.log.2020-06-20-16" does not exist
W, [2020-06-20T16:10:40.720760 #2747]  WARN -- : log file "/var/log/nginx/healthd/application.log.2020-06-20-16" does not exist
W, [2020-06-20T16:10:45.721064 #2747]  WARN -- : log file "/var/log/nginx/healthd/application.log.2020-06-20-16" does not exist
W, [2020-06-20T16:10:50.721319 #2747]  WARN -- : log file "/var/log/nginx/healthd/application.log.2020-06-20-16" does not exist
A, [2020-06-20T16:10:58.388844 #3324]   ANY -- : healthd daemon 1.0.3 initialized
W, [2020-06-20T16:10:58.530372 #3324]  WARN -- : log file "/var/log/nginx/healthd/application.log.2020-06-20-16" does not exist
W, [2020-06-20T16:11:03.530762 #3324]  WARN -- : log file "/var/log/nginx/healthd/application.log.2020-06-20-16" does not exist
W, [2020-06-20T16:11:08.531101 #3324]  WARN -- : log file "/var/log/nginx/healthd/application.log.2020-06-20-16" does not exist
W, [2020-06-20T16:11:13.531434 #3324]  WARN -- : log file "/var/log/nginx/healthd/application.log.2020-06-20-16" does not exist
W, [2020-06-20T16:11:18.531764 #3324]  WARN -- : log file "/var/log/nginx/healthd/application.log.2020-06-20-16" does not exist
W, [2020-06-20T16:11:23.532116 #3324]  WARN -- : log file "/var/log/nginx/healthd/application.log.2020-06-20-16" does not exist
W, [2020-06-20T16:11:28.532455 #3324]  WARN -- : log file "/var/log/nginx/healthd/application.log.2020-06-20-16" does not exist
W, [2020-06-20T16:11:33.532817 #3324]  WARN -- : log file "/var/log/nginx/healthd/application.log.2020-06-20-16" does not exist
W, [2020-06-20T16:11:38.533201 #3324]  WARN -- : log file "/var/log/nginx/healthd/application.log.2020-06-20-16" does not exist
W, [2020-06-20T16:11:43.533561 #3324]  WARN -- : log file "/var/log/nginx/healthd/application.log.2020-06-20-16" does not exist
W, [2020-06-20T16:11:48.533935 #3324]  WARN -- : log file "/var/log/nginx/healthd/application.log.2020-06-20-16" does not exist
W, [2020-06-20T16:11:53.534277 #3324]  WARN -- : log file "/var/log/nginx/healthd/application.log.2020-06-20-16" does not exist
W, [2020-06-20T16:11:58.534676 #3324]  WARN -- : log file "/var/log/nginx/healthd/application.log.2020-06-20-16" does not exist
W, [2020-06-20T16:12:03.535007 #3324]  WARN -- : log file "/var/log/nginx/healthd/application.log.2020-06-20-16" does not exist
W, [2020-06-20T16:12:08.535355 #3324]  WARN -- : log file "/var/log/nginx/healthd/application.log.2020-06-20-16" does not exist
W, [2020-06-20T16:12:13.535708 #3324]  WARN -- : log file "/var/log/nginx/healthd/application.log.2020-06-20-16" does not exist
W, [2020-06-20T16:12:18.536046 #3324]  WARN -- : log file "/var/log/nginx/healthd/application.log.2020-06-20-16" does not exist
W, [2020-06-20T16:12:23.536408 #3324]  WARN -- : log file "/var/log/nginx/healthd/application.log.2020-06-20-16" does not exist
W, [2020-06-20T16:12:28.536813 #3324]  WARN -- : log file "/var/log/nginx/healthd/application.log.2020-06-20-16" does not exist
W, [2020-06-20T16:12:33.537184 #3324]  WARN -- : log file "/var/log/nginx/healthd/application.log.2020-06-20-16" does not exist
W, [2020-06-20T16:12:38.537526 #3324]  WARN -- : log file "/var/log/nginx/healthd/application.log.2020-06-20-16" does not exist
W, [2020-06-20T16:12:43.537903 #3324]  WARN -- : log file "/var/log/nginx/healthd/application.log.2020-06-20-16" does not exist
W, [2020-06-20T16:12:48.538225 #3324]  WARN -- : log file "/var/log/nginx/healthd/application.log.2020-06-20-16" does not exist
W, [2020-06-20T16:12:53.538556 #3324]  WARN -- : log file "/var/log/nginx/healthd/application.log.2020-06-20-16" does not exist
W, [2020-06-20T16:12:58.538955 #3324]  WARN -- : log file "/var/log/nginx/healthd/application.log.2020-06-20-16" does not exist
W, [2020-06-20T16:13:03.539326 #3324]  WARN -- : log file "/var/log/nginx/healthd/application.log.2020-06-20-16" does not exist
W, [2020-06-20T16:13:08.539640 #3324]  WARN -- : log file "/var/log/nginx/healthd/application.log.2020-06-20-16" does not exist
W, [2020-06-20T16:13:13.540004 #3324]  WARN -- : log file "/var/log/nginx/healthd/application.log.2020-06-20-16" does not exist
W, [2020-06-20T16:13:18.540371 #3324]  WARN -- : log file "/var/log/nginx/healthd/application.log.2020-06-20-16" does not exist
W, [2020-06-20T16:13:23.540715 #3324]  WARN -- : log file "/var/log/nginx/healthd/application.log.2020-06-20-16" does not exist
W, [2020-06-20T16:13:28.541092 #3324]  WARN -- : log file "/var/log/nginx/healthd/application.log.2020-06-20-16" does not exist
W, [2020-06-20T16:13:33.541467 #3324]  WARN -- : log file "/var/log/nginx/healthd/application.log.2020-06-20-16" does not exist
W, [2020-06-20T16:13:38.541743 #3324]  WARN -- : log file "/var/log/nginx/healthd/application.log.2020-06-20-16" does not exist
W, [2020-06-20T16:13:43.542065 #3324]  WARN -- : log file "/var/log/nginx/healthd/application.log.2020-06-20-16" does not exist
A, [2020-06-20T16:13:49.448989 #3718]   ANY -- : healthd daemon 1.0.3 initialized
W, [2020-06-20T16:13:49.668552 #3718]  WARN -- : log file "/var/log/nginx/healthd/application.log.2020-06-20-16" does not exist
W, [2020-06-20T16:13:54.668856 #3718]  WARN -- : log file "/var/log/nginx/healthd/application.log.2020-06-20-16" does not exist
W, [2020-06-20T16:13:59.669216 #3718]  WARN -- : log file "/var/log/nginx/healthd/application.log.2020-06-20-16" does not exist
W, [2020-06-20T16:14:04.669566 #3718]  WARN -- : log file "/var/log/nginx/healthd/application.log.2020-06-20-16" does not exist
W, [2020-06-20T16:14:09.669914 #3718]  WARN -- : log file "/var/log/nginx/healthd/application.log.2020-06-20-16" does not exist
W, [2020-06-20T16:14:14.670274 #3718]  WARN -- : log file "/var/log/nginx/healthd/application.log.2020-06-20-16" does not exist
W, [2020-06-20T16:14:19.670630 #3718]  WARN -- : log file "/var/log/nginx/healthd/application.log.2020-06-20-16" does not exist
W, [2020-06-20T16:14:24.670968 #3718]  WARN -- : log file "/var/log/nginx/healthd/application.log.2020-06-20-16" does not exist
W, [2020-06-20T16:14:29.671350 #3718]  WARN -- : log file "/var/log/nginx/healthd/application.log.2020-06-20-16" does not exist
W, [2020-06-20T16:14:34.671697 #3718]  WARN -- : log file "/var/log/nginx/healthd/application.log.2020-06-20-16" does not exist
W, [2020-06-20T16:14:39.672031 #3718]  WARN -- : log file "/var/log/nginx/healthd/application.log.2020-06-20-16" does not exist
W, [2020-06-20T16:14:44.672388 #3718]  WARN -- : log file "/var/log/nginx/healthd/application.log.2020-06-20-16" does not exist
W, [2020-06-20T16:14:49.672751 #3718]  WARN -- : log file "/var/log/nginx/healthd/application.log.2020-06-20-16" does not exist
W, [2020-06-20T16:20:39.505778 #3718]  WARN -- : discarding statistic item after validation error (Invalid timestamp): {:id=>"0", :namespace=>"application", :timestamp=>1592669770, :data=>"{\"duration\":10,\"latency_histogram\":[[0.025,1]],\"http_counters\":{\"status_200\":1,\"request_count\":1}}"}
A, [2020-06-20T16:45:46.505334 #5011]   ANY -- : healthd daemon 1.0.3 initialized
W, [2020-06-20T16:45:56.705947 #5011]  WARN -- : discarding statistic item after validation error (Invalid timestamp): {:id=>"0", :namespace=>"application", :timestamp=>1592669700, :data=>"{\"duration\":10,\"latency_histogram\":[[0.064,1],[0.33,1]],\"http_counters\":{\"status_404\":1,\"request_count\":2,\"status_200\":1}}"}
W, [2020-06-20T16:45:56.706034 #5011]  WARN -- : discarding statistic item after validation error (Invalid timestamp): {:id=>"1", :namespace=>"application", :timestamp=>1592669720, :data=>"{\"duration\":10,\"latency_histogram\":[[0.022,1]],\"http_counters\":{\"status_404\":1,\"request_count\":1}}"}
W, [2020-06-20T16:45:56.706062 #5011]  WARN -- : discarding statistic item after validation error (Invalid timestamp): {:id=>"2", :namespace=>"application", :timestamp=>1592669750, :data=>"{\"duration\":10,\"latency_histogram\":[[0.014,1],[0.089,1]],\"http_counters\":{\"status_200\":2,\"request_count\":2}}"}
W, [2020-06-20T16:45:56.706084 #5011]  WARN -- : discarding statistic item after validation error (Invalid timestamp): {:id=>"3", :namespace=>"application", :timestamp=>1592669770, :data=>"{\"duration\":10,\"latency_histogram\":[[0.025,1]],\"http_counters\":{\"status_200\":1,\"request_count\":1}}"}
W, [2020-06-20T16:45:56.706104 #5011]  WARN -- : discarding statistic item after validation error (Invalid timestamp): {:id=>"4", :namespace=>"application", :timestamp=>1592670040, :data=>"{\"duration\":10,\"latency_histogram\":[[0.009,1]],\"http_counters\":{\"status_200\":1,\"request_count\":1}}"}
W, [2020-06-20T16:45:56.706124 #5011]  WARN -- : discarding statistic item after validation error (Invalid timestamp): {:id=>"5", :namespace=>"application", :timestamp=>1592670060, :data=>"{\"duration\":10,\"latency_histogram\":[[0.004,1],[0.013,1]],\"http_counters\":{\"status_200\":2,\"request_count\":2}}"}
W, [2020-06-20T16:46:36.656390 #5011]  WARN -- : discarding statistic item after validation error (Invalid timestamp): {:id=>"0", :namespace=>"application", :timestamp=>1592670080, :data=>"{\"duration\":10,\"latency_histogram\":[[0.013,1]],\"http_counters\":{\"status_200\":1,\"request_count\":1}}"}
W, [2020-06-20T17:00:01.168469 #5011]  WARN -- : log file "/var/log/nginx/healthd/application.log.2020-06-20-17" does not exist
W, [2020-06-20T17:00:06.168831 #5011]  WARN -- : log file "/var/log/nginx/healthd/application.log.2020-06-20-17" does not exist
W, [2020-06-20T17:00:11.172724 #5011]  WARN -- : log file "/var/log/nginx/healthd/application.log.2020-06-20-17" does not exist
W, [2020-06-20T17:00:16.173065 #5011]  WARN -- : log file "/var/log/nginx/healthd/application.log.2020-06-20-17" does not exist
W, [2020-06-20T17:00:21.173364 #5011]  WARN -- : log file "/var/log/nginx/healthd/application.log.2020-06-20-17" does not exist
W, [2020-06-20T17:00:26.173719 #5011]  WARN -- : log file "/var/log/nginx/healthd/application.log.2020-06-20-17" does not exist
W, [2020-06-20T17:00:31.174058 #5011]  WARN -- : log file "/var/log/nginx/healthd/application.log.2020-06-20-17" does not exist
W, [2020-06-20T17:00:36.174408 #5011]  WARN -- : log file "/var/log/nginx/healthd/application.log.2020-06-20-17" does not exist
W, [2020-06-20T17:00:41.174750 #5011]  WARN -- : log file "/var/log/nginx/healthd/application.log.2020-06-20-17" does not exist
W, [2020-06-20T17:00:46.175139 #5011]  WARN -- : log file "/var/log/nginx/healthd/application.log.2020-06-20-17" does not exist
W, [2020-06-20T17:00:51.175464 #5011]  WARN -- : log file "/var/log/nginx/healthd/application.log.2020-06-20-17" does not exist
W, [2020-06-20T17:00:56.175827 #5011]  WARN -- : log file "/var/log/nginx/healthd/application.log.2020-06-20-17" does not exist
W, [2020-06-20T17:01:01.176198 #5011]  WARN -- : log file "/var/log/nginx/healthd/application.log.2020-06-20-17" does not exist
W, [2020-06-20T17:01:06.176531 #5011]  WARN -- : log file "/var/log/nginx/healthd/application.log.2020-06-20-17" does not exist
W, [2020-06-20T17:01:11.176873 #5011]  WARN -- : log file "/var/log/nginx/healthd/application.log.2020-06-20-17" does not exist
W, [2020-06-20T17:01:16.177230 #5011]  WARN -- : log file "/var/log/nginx/healthd/application.log.2020-06-20-17" does not exist
W, [2020-06-20T17:01:21.177585 #5011]  WARN -- : log file "/var/log/nginx/healthd/application.log.2020-06-20-17" does not exist
W, [2020-06-20T17:01:26.177922 #5011]  WARN -- : log file "/var/log/nginx/healthd/application.log.2020-06-20-17" does not exist
W, [2020-06-20T17:01:31.178292 #5011]  WARN -- : log file "/var/log/nginx/healthd/application.log.2020-06-20-17" does not exist
W, [2020-06-20T17:01:36.178605 #5011]  WARN -- : log file "/var/log/nginx/healthd/application.log.2020-06-20-17" does not exist
W, [2020-06-20T17:01:41.178950 #5011]  WARN -- : log file "/var/log/nginx/healthd/application.log.2020-06-20-17" does not exist
W, [2020-06-20T17:01:46.179289 #5011]  WARN -- : log file "/var/log/nginx/healthd/application.log.2020-06-20-17" does not exist
W, [2020-06-20T17:01:51.179657 #5011]  WARN -- : log file "/var/log/nginx/healthd/application.log.2020-06-20-17" does not exist
W, [2020-06-20T17:01:56.179994 #5011]  WARN -- : log file "/var/log/nginx/healthd/application.log.2020-06-20-17" does not exist
W, [2020-06-20T17:02:01.180363 #5011]  WARN -- : log file "/var/log/nginx/healthd/application.log.2020-06-20-17" does not exist
W, [2020-06-20T17:02:06.180698 #5011]  WARN -- : log file "/var/log/nginx/healthd/application.log.2020-06-20-17" does not exist
W, [2020-06-20T17:02:11.181038 #5011]  WARN -- : log file "/var/log/nginx/healthd/application.log.2020-06-20-17" does not exist
W, [2020-06-20T17:02:16.181377 #5011]  WARN -- : log file "/var/log/nginx/healthd/application.log.2020-06-20-17" does not exist
W, [2020-06-20T17:02:21.181793 #5011]  WARN -- : log file "/var/log/nginx/healthd/application.log.2020-06-20-17" does not exist
W, [2020-06-20T17:02:26.182133 #5011]  WARN -- : log file "/var/log/nginx/healthd/application.log.2020-06-20-17" does not exist
W, [2020-06-20T17:02:31.182477 #5011]  WARN -- : log file "/var/log/nginx/healthd/application.log.2020-06-20-17" does not exist
W, [2020-06-20T17:02:36.182868 #5011]  WARN -- : log file "/var/log/nginx/healthd/application.log.2020-06-20-17" does not exist
W, [2020-06-20T17:02:41.183214 #5011]  WARN -- : log file "/var/log/nginx/healthd/application.log.2020-06-20-17" does not exist
W, [2020-06-20T17:02:46.183595 #5011]  WARN -- : log file "/var/log/nginx/healthd/application.log.2020-06-20-17" does not exist
W, [2020-06-20T17:02:51.183935 #5011]  WARN -- : log file "/var/log/nginx/healthd/application.log.2020-06-20-17" does not exist
W, [2020-06-20T17:02:56.184255 #5011]  WARN -- : log file "/var/log/nginx/healthd/application.log.2020-06-20-17" does not exist
W, [2020-06-20T17:03:01.184614 #5011]  WARN -- : log file "/var/log/nginx/healthd/application.log.2020-06-20-17" does not exist
W, [2020-06-20T17:03:06.184963 #5011]  WARN -- : log file "/var/log/nginx/healthd/application.log.2020-06-20-17" does not exist
W, [2020-06-20T17:03:11.185361 #5011]  WARN -- : log file "/var/log/nginx/healthd/application.log.2020-06-20-17" does not exist
W, [2020-06-20T17:03:16.185743 #5011]  WARN -- : log file "/var/log/nginx/healthd/application.log.2020-06-20-17" does not exist
A, [2020-06-20T17:13:07.711717 #6258]   ANY -- : healthd daemon 1.0.3 initialized
W, [2020-06-20T17:13:17.817292 #6258]  WARN -- : discarding statistic item after validation error (Invalid timestamp): {:id=>"0", :namespace=>"application", :timestamp=>1592672600, :data=>"{\"duration\":10,\"latency_histogram\":[[0.014,1]],\"http_counters\":{\"status_200\":1,\"request_count\":1}}"}
W, [2020-06-20T17:14:17.741408 #6258]  WARN -- : discarding statistic item after validation error (Invalid timestamp): {:id=>"0", :namespace=>"application", :timestamp=>1592672610, :data=>"{\"duration\":10,\"latency_histogram\":[[0.067,1]],\"http_counters\":{\"status_404\":1,\"request_count\":1}}"}
