2020-06-20 16:10:01,744 [DEBUG] CloudFormation client initialized with endpoint https://cloudformation.us-east-1.amazonaws.com
2020-06-20 16:10:01,744 [DEBUG] SQS client initialized with endpoint https://sqs.us-east-1.amazonaws.com
2020-06-20 16:10:01,744 [DEBUG] CloudFormation client initialized with endpoint https://cloudformation.us-east-1.amazonaws.com
2020-06-20 16:10:01,745 [DEBUG] Enabled single threading mode.
2020-06-20 16:10:01,745 [DEBUG] Creating /var/lib/cfn-hup/data
2020-06-20 16:10:01,755 [INFO] No umask value specified in config file. Using the default one: 022
2020-06-20 16:10:01,768 [DEBUG] Registering listener i-0c873ea98464cc837 for stack arn:aws:cloudformation:us-east-1:719690574295:stack/awseb-e-gd8mdnwbh7-stack/54b8d770-b310-11ea-8f04-0af60b3b604b
2020-06-20 16:10:02,336 [INFO] Refreshing listener credentials
2020-06-20 16:10:02,336 [DEBUG] Get listener credentials for listener i-0c873ea98464cc837 in stack arn:aws:cloudformation:us-east-1:719690574295:stack/awseb-e-gd8mdnwbh7-stack/54b8d770-b310-11ea-8f04-0af60b3b604b
2020-06-20 16:10:02,450 [INFO] Scheduling next credential refresh in 7200 seconds
2020-06-20 16:10:02,457 [DEBUG] Receiving messages for queue https://sqs.us-east-1.amazonaws.com/668920780829/48af3caa2628a77608f25133b5a026234031fa57792265e865e8986eb90e2079
2020-06-20 16:10:26,148 [ERROR] Timeout
Traceback (most recent call last):
  File "/usr/lib/python2.7/dist-packages/cfnbootstrap/util.py", line 162, in _retry
    return f(*args, **kwargs)
  File "/usr/lib/python2.7/dist-packages/cfnbootstrap/util.py", line 234, in _timeout
    raise exc[0]
ReadTimeout: HTTPSConnectionPool(host='sqs.us-east-1.amazonaws.com', port=443): Read timed out. (read timeout=23)
2020-06-20 16:10:26,149 [DEBUG] Sleeping for 0.002701 seconds before retrying
2020-06-20 16:10:26,153 [DEBUG] Receiving messages for queue https://sqs.us-east-1.amazonaws.com/668920780829/48af3caa2628a77608f25133b5a026234031fa57792265e865e8986eb90e2079
2020-06-20 16:10:30,632 [DEBUG] Processing message: {'EventHandle': 'https://cfn-command-events-useast1.s3.us-east-1.amazonaws.com/fc31de5b5c03d8f454a3c0e05ba604f5952865dfa8da64eabbc27cc1a5f6e2a6?X-Amz-Algorithm=AWS4-HMAC-SHA256&X-Amz-Date=20200620T161030Z&X-Amz-SignedHeaders=host&X-Amz-Expires=3719&X-Amz-Credential=AKIAI5VMU34ANEXDDPWQ%2F20200620%2Fus-east-1%2Fs3%2Faws4_request&X-Amz-Signature=5611604e4b7162bd382ea2f3840158c8f4451978f42e75ca6c12326517dcb092', 'DispatcherId': 'arn:aws:cloudformation:us-east-1:719690574295:dispatcher/awseb-e-gd8mdnwbh7-stack/6af998bf-f564-403e-8c0e-6a95f06dbff2', 'CommandName': 'ElasticBeanstalkCommand-AWSEBAutoScalingGroup', 'Expiration': 1592669550495, 'ResultQueue': 'https://sqs.us-east-1.amazonaws.com/668920780829/results', 'Data': 'https://elasticbeanstalk-us-east-1.s3.amazonaws.com/data/environments/b6cf5085-c55a-430d-8fc6-470f3f09a684/5c5264d3-03c8-43fb-b3ab-eb5043946f26?X-Amz-Algorithm=AWS4-HMAC-SHA256&X-Amz-Date=20200620T161030Z&X-Amz-SignedHeaders=host&X-Amz-Expires=300&X-Amz-Credential=AKIAJOBAZGDDMSAZSDSQ%2F20200620%2Fus-east-1%2Fs3%2Faws4_request&X-Amz-Signature=a827670bf7d356a5cc52b4ea55af1559df80101b685422b48957d0763c33080f', 'InvocationId': '07dc1322-c5bd-4416-b8b1-24e93f2c7204'}
2020-06-20 16:10:30,633 [DEBUG] Command message: {'EventHandle': 'https://cfn-command-events-useast1.s3.us-east-1.amazonaws.com/fc31de5b5c03d8f454a3c0e05ba604f5952865dfa8da64eabbc27cc1a5f6e2a6?X-Amz-Algorithm=AWS4-HMAC-SHA256&X-Amz-Date=20200620T161030Z&X-Amz-SignedHeaders=host&X-Amz-Expires=3719&X-Amz-Credential=AKIAI5VMU34ANEXDDPWQ%2F20200620%2Fus-east-1%2Fs3%2Faws4_request&X-Amz-Signature=5611604e4b7162bd382ea2f3840158c8f4451978f42e75ca6c12326517dcb092', 'DispatcherId': 'arn:aws:cloudformation:us-east-1:719690574295:dispatcher/awseb-e-gd8mdnwbh7-stack/6af998bf-f564-403e-8c0e-6a95f06dbff2', 'CommandName': 'ElasticBeanstalkCommand-AWSEBAutoScalingGroup', 'Expiration': 1592669550495, 'ResultQueue': 'https://sqs.us-east-1.amazonaws.com/668920780829/results', 'Data': 'https://elasticbeanstalk-us-east-1.s3.amazonaws.com/data/environments/b6cf5085-c55a-430d-8fc6-470f3f09a684/5c5264d3-03c8-43fb-b3ab-eb5043946f26?X-Amz-Algorithm=AWS4-HMAC-SHA256&X-Amz-Date=20200620T161030Z&X-Amz-SignedHeaders=host&X-Amz-Expires=300&X-Amz-Credential=AKIAJOBAZGDDMSAZSDSQ%2F20200620%2Fus-east-1%2Fs3%2Faws4_request&X-Amz-Signature=a827670bf7d356a5cc52b4ea55af1559df80101b685422b48957d0763c33080f', 'InvocationId': '07dc1322-c5bd-4416-b8b1-24e93f2c7204'}
2020-06-20 16:10:30,633 [INFO] Received command ElasticBeanstalkCommand-AWSEBAutoScalingGroup (invocation id: 07dc1322-c5bd-4416-b8b1-24e93f2c7204)
2020-06-20 16:10:30,633 [INFO] Running action for aws-eb-command-handler
2020-06-20 16:10:30,633 [DEBUG] Action environment: {'LANG': 'en_US.UTF-8', 'TERM': 'linux', 'LISTENER_ID': u'i-0c873ea98464cc837', 'RESULT_SECRET_KEY': u'YONdTfFJnw7C/op8fW32I2L+lOYb2DBQmji9jgc1', 'SHLVL': '1', 'RESULT_ACCESS_KEY': u'ASIAZXPWJDAOU2TCXMGZ', 'STACK_NAME': 'arn:aws:cloudformation:us-east-1:719690574295:stack/awseb-e-gd8mdnwbh7-stack/54b8d770-b310-11ea-8f04-0af60b3b604b', 'RESULT_SESSION_TOKEN': u'IQoJb3JpZ2luX2VjEKn//////////wEaCXVzLWVhc3QtMSJHMEUCIQDafSGDzU1RR0o+reqfY7lGuuOqwDM72Wy7C/FRQLX6eQIgArHScc1iExCXJwCzP6uPJvgYnSEoXtwTfZntF9X5mSAqjgMIMRAAGgw2Njg5MjA3ODA4MjkiDM4+C4L89PHM8hgrxirrApwRXBxBUTzJSoDjNyhtVMglXQ66eT4SHKuMX9rhxa40m+gN4zGJXfuAIpuanQ+097NsY8LvffU1C7lq5ai4MKinoikCIj8Z6nAUnRsaJ2Yiv7LLl4Gin0JsG3livdZdClCIv9sE3vFopWbhPVamdRyAKer5Oi/Mbk1mCNtjG/R0yMkfyWJ4M188IM5URyqzXCiC2gmX/xlTNnIi2HNY0A8vMAUY8869JVxG8Kah+j21JouGIJ93f7q2BhRHYWkKU1LA2RLTRIucxO6VyikcYTiyI3KfUjDlZTM0U5ZM7ckgyWFrmitHrlbV+o30slxuqFNoL70SKYRKjrVOazb0MH9nf2A4o8CXyWKsBNN3pJx6+MrUF9NGouHvSTK1DOw/yZ42r4nhbbGue70gRfZAiB+p3fvLXszLhkAViVIT63nu7yr+qayoGQ2hXStW4za/W7p7u4ESxtt54IclaIw23YUI1vdjrgQ0CCmGsDDb6bj3BTrfAV6mFkXTG7+Mg7W5wMNUTn4xc6anwD48DWbohcqf1/I5LsdqUkeuotMv2xOfw3a1OXSmnK6Yft4V98JyHFZAVB7kUtfY98BoQwtvG3wE+qP2utmY+YzD9ZIv8Tk2vEDMKSu+YOysiO7xqtwpOOKBTkJH0gxcY3q5hXVGzgnDp0uxCiJwjUae2fj5XKhIeurs8+5ejBcjFC5kaQHERQGMtyXw84L5n7upTjuj+hde7UhVzQmll3tWnR+EfPHbapG4lHZw/q1WE+m0WTSVyQLi0KNVojxg3OgpnVjbRm9Es3E=', 'UPSTART_JOB': 'cfn-hup', 'CMD_DATA': 'https://elasticbeanstalk-us-east-1.s3.amazonaws.com/data/environments/b6cf5085-c55a-430d-8fc6-470f3f09a684/5c5264d3-03c8-43fb-b3ab-eb5043946f26?X-Amz-Algorithm=AWS4-HMAC-SHA256&X-Amz-Date=20200620T161030Z&X-Amz-SignedHeaders=host&X-Amz-Expires=300&X-Amz-Credential=AKIAJOBAZGDDMSAZSDSQ%2F20200620%2Fus-east-1%2Fs3%2Faws4_request&X-Amz-Signature=a827670bf7d356a5cc52b4ea55af1559df80101b685422b48957d0763c33080f', 'UPSTART_INSTANCE': '', 'PWD': '/', 'PATH': '/usr/local/sbin:/usr/local/bin:/usr/bin:/usr/sbin:/sbin:/bin', 'CMD_NAME': 'ElasticBeanstalkCommand-AWSEBAutoScalingGroup', 'RESULT_QUEUE': 'https://sqs.us-east-1.amazonaws.com/668920780829/results', 'DISPATCHER_ID': 'arn:aws:cloudformation:us-east-1:719690574295:dispatcher/awseb-e-gd8mdnwbh7-stack/6af998bf-f564-403e-8c0e-6a95f06dbff2', 'EVENT_HANDLE': 'https://cfn-command-events-useast1.s3.us-east-1.amazonaws.com/fc31de5b5c03d8f454a3c0e05ba604f5952865dfa8da64eabbc27cc1a5f6e2a6?X-Amz-Algorithm=AWS4-HMAC-SHA256&X-Amz-Date=20200620T161030Z&X-Amz-SignedHeaders=host&X-Amz-Expires=3719&X-Amz-Credential=AKIAI5VMU34ANEXDDPWQ%2F20200620%2Fus-east-1%2Fs3%2Faws4_request&X-Amz-Signature=5611604e4b7162bd382ea2f3840158c8f4451978f42e75ca6c12326517dcb092', '_': '/opt/aws/bin/cfn-hup', 'INVOCATION_ID': '07dc1322-c5bd-4416-b8b1-24e93f2c7204'}
2020-06-20 16:10:58,020 [DEBUG] Action for aws-eb-command-handler output: {"status":"SUCCESS","api_version":"1.0","results":[{"status":"SUCCESS","msg":"","returncode":0,"events":[]}]}
2020-06-20 16:10:58,020 [INFO] Action for aws-eb-command-handler succeeded, returning SUCCESS
2020-06-20 16:10:58,023 [DEBUG] Sending {"Status": "SUCCESS", "DispatcherId": "arn:aws:cloudformation:us-east-1:719690574295:dispatcher/awseb-e-gd8mdnwbh7-stack/6af998bf-f564-403e-8c0e-6a95f06dbff2", "ListenerId": "i-0c873ea98464cc837", "CommandName": "ElasticBeanstalkCommand-AWSEBAutoScalingGroup", "InvocationId": "07dc1322-c5bd-4416-b8b1-24e93f2c7204", "Data": "{\"status\":\"SUCCESS\",\"api_version\":\"1.0\",\"results\":[{\"status\":\"SUCCESS\",\"msg\":\"\",\"returncode\":0,\"events\":[]}]}"} to queue https://sqs.us-east-1.amazonaws.com/668920780829/results
2020-06-20 16:10:58,156 [DEBUG] Deleting AQEBkn9kAbGs5giUqN0SxpMaiknQnfMQ0SEtuqTEkUEsUEDQBS+NSkvl2afHiq1JUWyzL/OtxeOrkzvulBDyQrgANAx1y2TkIZ8x/LXrQng6gHLaDlBBCace+Dl9BRGNZdonXsjyy3qJl4XBhb4muAmnG1zv/o1nkeIFKESGElSMPWpJS9XZoscnZ3/WivV4dgFjAqX4iuIwTAWinHZw9V1lHTqJV0Z/g/sy/ExAi00BfFbIqsYVJjuU70yCIHHMnCFbO3iKMk+1fr83oBv03hDtFscxSDASCYH/peBxVRWDm1FNS42f4/qe2rN5ADm2MIuctgtwdN5rvxAoEgN5fW5JHayI7saZHHFiTwSlW4jBp7kKss/4ZD1JxBHKzrBpCQbmMX/WbLa2G+D19rB7Resyr7+c6X/fbArnxd2s5doBiphix7uuer9eWtjOVtWwTIQp2LamSozQ5ZWIZ/SdHjbM8Q== from queue https://sqs.us-east-1.amazonaws.com/668920780829/48af3caa2628a77608f25133b5a026234031fa57792265e865e8986eb90e2079
2020-06-20 16:10:58,273 [DEBUG] Receiving messages for queue https://sqs.us-east-1.amazonaws.com/668920780829/48af3caa2628a77608f25133b5a026234031fa57792265e865e8986eb90e2079
2020-06-20 16:11:18,363 [DEBUG] Receiving messages for queue https://sqs.us-east-1.amazonaws.com/668920780829/48af3caa2628a77608f25133b5a026234031fa57792265e865e8986eb90e2079
2020-06-20 16:11:38,397 [DEBUG] Receiving messages for queue https://sqs.us-east-1.amazonaws.com/668920780829/48af3caa2628a77608f25133b5a026234031fa57792265e865e8986eb90e2079
2020-06-20 16:11:58,434 [DEBUG] Receiving messages for queue https://sqs.us-east-1.amazonaws.com/668920780829/48af3caa2628a77608f25133b5a026234031fa57792265e865e8986eb90e2079
2020-06-20 16:12:18,489 [DEBUG] Receiving messages for queue https://sqs.us-east-1.amazonaws.com/668920780829/48af3caa2628a77608f25133b5a026234031fa57792265e865e8986eb90e2079
2020-06-20 16:12:38,526 [DEBUG] Receiving messages for queue https://sqs.us-east-1.amazonaws.com/668920780829/48af3caa2628a77608f25133b5a026234031fa57792265e865e8986eb90e2079
2020-06-20 16:12:58,557 [DEBUG] Receiving messages for queue https://sqs.us-east-1.amazonaws.com/668920780829/48af3caa2628a77608f25133b5a026234031fa57792265e865e8986eb90e2079
2020-06-20 16:13:18,598 [DEBUG] Receiving messages for queue https://sqs.us-east-1.amazonaws.com/668920780829/48af3caa2628a77608f25133b5a026234031fa57792265e865e8986eb90e2079
2020-06-20 16:13:35,325 [DEBUG] Processing message: {'EventHandle': 'https://cfn-command-events-useast1.s3.us-east-1.amazonaws.com/8cdecf001e4f72b4a4b8c86d13ed67f563ff202047d43b12c752e7699facf0fe?X-Amz-Algorithm=AWS4-HMAC-SHA256&X-Amz-Date=20200620T161334Z&X-Amz-SignedHeaders=host&X-Amz-Expires=3719&X-Amz-Credential=AKIAI5VMU34ANEXDDPWQ%2F20200620%2Fus-east-1%2Fs3%2Faws4_request&X-Amz-Signature=370d1e3823e2393f26437e6dbe378907173a6905ed12d139256857531b1ae298', 'DispatcherId': 'arn:aws:cloudformation:us-east-1:719690574295:dispatcher/awseb-e-gd8mdnwbh7-stack/6af998bf-f564-403e-8c0e-6a95f06dbff2', 'CommandName': 'ElasticBeanstalkCommand-AWSEBAutoScalingGroup', 'Expiration': 1592669734872, 'ResultQueue': 'https://sqs.us-east-1.amazonaws.com/668920780829/results', 'Data': 'https://elasticbeanstalk-us-east-1.s3.amazonaws.com/data/environments/b6cf5085-c55a-430d-8fc6-470f3f09a684/3aa227cd-9258-4688-8390-391d44a5556f?X-Amz-Algorithm=AWS4-HMAC-SHA256&X-Amz-Date=20200620T161334Z&X-Amz-SignedHeaders=host&X-Amz-Expires=300&X-Amz-Credential=AKIAJOBAZGDDMSAZSDSQ%2F20200620%2Fus-east-1%2Fs3%2Faws4_request&X-Amz-Signature=08589ed3a8d3776357f6e8c09d051402a4073d143793762aa676c9b4544186dc', 'InvocationId': '23f33c2a-6ad3-4760-bdf5-4e03b18b81bb'}
2020-06-20 16:13:35,325 [DEBUG] Command message: {'EventHandle': 'https://cfn-command-events-useast1.s3.us-east-1.amazonaws.com/8cdecf001e4f72b4a4b8c86d13ed67f563ff202047d43b12c752e7699facf0fe?X-Amz-Algorithm=AWS4-HMAC-SHA256&X-Amz-Date=20200620T161334Z&X-Amz-SignedHeaders=host&X-Amz-Expires=3719&X-Amz-Credential=AKIAI5VMU34ANEXDDPWQ%2F20200620%2Fus-east-1%2Fs3%2Faws4_request&X-Amz-Signature=370d1e3823e2393f26437e6dbe378907173a6905ed12d139256857531b1ae298', 'DispatcherId': 'arn:aws:cloudformation:us-east-1:719690574295:dispatcher/awseb-e-gd8mdnwbh7-stack/6af998bf-f564-403e-8c0e-6a95f06dbff2', 'CommandName': 'ElasticBeanstalkCommand-AWSEBAutoScalingGroup', 'Expiration': 1592669734872, 'ResultQueue': 'https://sqs.us-east-1.amazonaws.com/668920780829/results', 'Data': 'https://elasticbeanstalk-us-east-1.s3.amazonaws.com/data/environments/b6cf5085-c55a-430d-8fc6-470f3f09a684/3aa227cd-9258-4688-8390-391d44a5556f?X-Amz-Algorithm=AWS4-HMAC-SHA256&X-Amz-Date=20200620T161334Z&X-Amz-SignedHeaders=host&X-Amz-Expires=300&X-Amz-Credential=AKIAJOBAZGDDMSAZSDSQ%2F20200620%2Fus-east-1%2Fs3%2Faws4_request&X-Amz-Signature=08589ed3a8d3776357f6e8c09d051402a4073d143793762aa676c9b4544186dc', 'InvocationId': '23f33c2a-6ad3-4760-bdf5-4e03b18b81bb'}
2020-06-20 16:13:35,326 [INFO] Received command ElasticBeanstalkCommand-AWSEBAutoScalingGroup (invocation id: 23f33c2a-6ad3-4760-bdf5-4e03b18b81bb)
2020-06-20 16:13:35,326 [INFO] Running action for aws-eb-command-handler
2020-06-20 16:13:35,326 [DEBUG] Action environment: {'LANG': 'en_US.UTF-8', 'TERM': 'linux', 'LISTENER_ID': u'i-0c873ea98464cc837', 'RESULT_SECRET_KEY': u'YONdTfFJnw7C/op8fW32I2L+lOYb2DBQmji9jgc1', 'SHLVL': '1', 'RESULT_ACCESS_KEY': u'ASIAZXPWJDAOU2TCXMGZ', 'STACK_NAME': 'arn:aws:cloudformation:us-east-1:719690574295:stack/awseb-e-gd8mdnwbh7-stack/54b8d770-b310-11ea-8f04-0af60b3b604b', 'RESULT_SESSION_TOKEN': u'IQoJb3JpZ2luX2VjEKn//////////wEaCXVzLWVhc3QtMSJHMEUCIQDafSGDzU1RR0o+reqfY7lGuuOqwDM72Wy7C/FRQLX6eQIgArHScc1iExCXJwCzP6uPJvgYnSEoXtwTfZntF9X5mSAqjgMIMRAAGgw2Njg5MjA3ODA4MjkiDM4+C4L89PHM8hgrxirrApwRXBxBUTzJSoDjNyhtVMglXQ66eT4SHKuMX9rhxa40m+gN4zGJXfuAIpuanQ+097NsY8LvffU1C7lq5ai4MKinoikCIj8Z6nAUnRsaJ2Yiv7LLl4Gin0JsG3livdZdClCIv9sE3vFopWbhPVamdRyAKer5Oi/Mbk1mCNtjG/R0yMkfyWJ4M188IM5URyqzXCiC2gmX/xlTNnIi2HNY0A8vMAUY8869JVxG8Kah+j21JouGIJ93f7q2BhRHYWkKU1LA2RLTRIucxO6VyikcYTiyI3KfUjDlZTM0U5ZM7ckgyWFrmitHrlbV+o30slxuqFNoL70SKYRKjrVOazb0MH9nf2A4o8CXyWKsBNN3pJx6+MrUF9NGouHvSTK1DOw/yZ42r4nhbbGue70gRfZAiB+p3fvLXszLhkAViVIT63nu7yr+qayoGQ2hXStW4za/W7p7u4ESxtt54IclaIw23YUI1vdjrgQ0CCmGsDDb6bj3BTrfAV6mFkXTG7+Mg7W5wMNUTn4xc6anwD48DWbohcqf1/I5LsdqUkeuotMv2xOfw3a1OXSmnK6Yft4V98JyHFZAVB7kUtfY98BoQwtvG3wE+qP2utmY+YzD9ZIv8Tk2vEDMKSu+YOysiO7xqtwpOOKBTkJH0gxcY3q5hXVGzgnDp0uxCiJwjUae2fj5XKhIeurs8+5ejBcjFC5kaQHERQGMtyXw84L5n7upTjuj+hde7UhVzQmll3tWnR+EfPHbapG4lHZw/q1WE+m0WTSVyQLi0KNVojxg3OgpnVjbRm9Es3E=', 'UPSTART_JOB': 'cfn-hup', 'CMD_DATA': 'https://elasticbeanstalk-us-east-1.s3.amazonaws.com/data/environments/b6cf5085-c55a-430d-8fc6-470f3f09a684/3aa227cd-9258-4688-8390-391d44a5556f?X-Amz-Algorithm=AWS4-HMAC-SHA256&X-Amz-Date=20200620T161334Z&X-Amz-SignedHeaders=host&X-Amz-Expires=300&X-Amz-Credential=AKIAJOBAZGDDMSAZSDSQ%2F20200620%2Fus-east-1%2Fs3%2Faws4_request&X-Amz-Signature=08589ed3a8d3776357f6e8c09d051402a4073d143793762aa676c9b4544186dc', 'UPSTART_INSTANCE': '', 'PWD': '/', 'PATH': '/usr/local/sbin:/usr/local/bin:/usr/bin:/usr/sbin:/sbin:/bin', 'CMD_NAME': 'ElasticBeanstalkCommand-AWSEBAutoScalingGroup', 'RESULT_QUEUE': 'https://sqs.us-east-1.amazonaws.com/668920780829/results', 'DISPATCHER_ID': 'arn:aws:cloudformation:us-east-1:719690574295:dispatcher/awseb-e-gd8mdnwbh7-stack/6af998bf-f564-403e-8c0e-6a95f06dbff2', 'EVENT_HANDLE': 'https://cfn-command-events-useast1.s3.us-east-1.amazonaws.com/8cdecf001e4f72b4a4b8c86d13ed67f563ff202047d43b12c752e7699facf0fe?X-Amz-Algorithm=AWS4-HMAC-SHA256&X-Amz-Date=20200620T161334Z&X-Amz-SignedHeaders=host&X-Amz-Expires=3719&X-Amz-Credential=AKIAI5VMU34ANEXDDPWQ%2F20200620%2Fus-east-1%2Fs3%2Faws4_request&X-Amz-Signature=370d1e3823e2393f26437e6dbe378907173a6905ed12d139256857531b1ae298', '_': '/opt/aws/bin/cfn-hup', 'INVOCATION_ID': '23f33c2a-6ad3-4760-bdf5-4e03b18b81bb'}
2020-06-20 16:13:49,054 [DEBUG] Action for aws-eb-command-handler output: {"status":"SUCCESS","api_version":"1.0","results":[{"status":"SUCCESS","msg":"","returncode":0,"events":[]}]}
2020-06-20 16:13:49,054 [INFO] Action for aws-eb-command-handler succeeded, returning SUCCESS
2020-06-20 16:13:49,061 [DEBUG] Sending {"Status": "SUCCESS", "DispatcherId": "arn:aws:cloudformation:us-east-1:719690574295:dispatcher/awseb-e-gd8mdnwbh7-stack/6af998bf-f564-403e-8c0e-6a95f06dbff2", "ListenerId": "i-0c873ea98464cc837", "CommandName": "ElasticBeanstalkCommand-AWSEBAutoScalingGroup", "InvocationId": "23f33c2a-6ad3-4760-bdf5-4e03b18b81bb", "Data": "{\"status\":\"SUCCESS\",\"api_version\":\"1.0\",\"results\":[{\"status\":\"SUCCESS\",\"msg\":\"\",\"returncode\":0,\"events\":[]}]}"} to queue https://sqs.us-east-1.amazonaws.com/668920780829/results
2020-06-20 16:13:49,228 [DEBUG] Deleting AQEBWMK2MYQBFT3HFvfx0y1IQeV3Jxjm4sU0/i4KIU/RwkTTH5RH+6V4AQ1/jpcdxm3h2kC7jrNJkdMuqb6Yf5LwzB4ajftWq7p55Aiq7D4+XOC0ytjvn9mqTZwiJxsAutbpszjAD6IVKUB0mj6Hz6Ra6rz1IPbEE7CL0pTizPNi2eR7owxUyxfYFA+zfbUxjLrgun+VbK+NBHLWQyhtfhvB82qMe7A55kwkyN+Pf/oanGC9Y7KdZVFDU2SYEKVPZ3c1HZ5bXeOVZYxklC7HE9P9PUOg+12YsDtxqqoTxsVQMiF8rvgODD8/XYf7eFe7YVoO6cqPsQDermV7Lt2KgeL9KI9MwvxWQKmB/p1z+/oT9xKVnXABFrCST7Pozm+j24DVnuDxIyyd3S1zkEJWlzTdHFK6+amYG53370ANLM2luntxT9k6F43vg1DhHhSfruHgCFjZozP0M8l665yU174rbg== from queue https://sqs.us-east-1.amazonaws.com/668920780829/48af3caa2628a77608f25133b5a026234031fa57792265e865e8986eb90e2079
2020-06-20 16:13:49,356 [DEBUG] Receiving messages for queue https://sqs.us-east-1.amazonaws.com/668920780829/48af3caa2628a77608f25133b5a026234031fa57792265e865e8986eb90e2079
2020-06-20 16:14:09,461 [DEBUG] Receiving messages for queue https://sqs.us-east-1.amazonaws.com/668920780829/48af3caa2628a77608f25133b5a026234031fa57792265e865e8986eb90e2079
2020-06-20 16:14:29,539 [DEBUG] Receiving messages for queue https://sqs.us-east-1.amazonaws.com/668920780829/48af3caa2628a77608f25133b5a026234031fa57792265e865e8986eb90e2079
2020-06-20 16:14:49,622 [DEBUG] Receiving messages for queue https://sqs.us-east-1.amazonaws.com/668920780829/48af3caa2628a77608f25133b5a026234031fa57792265e865e8986eb90e2079
2020-06-20 16:15:09,708 [INFO] command processing is alive.
2020-06-20 16:15:09,708 [DEBUG] Receiving messages for queue https://sqs.us-east-1.amazonaws.com/668920780829/48af3caa2628a77608f25133b5a026234031fa57792265e865e8986eb90e2079
2020-06-20 16:15:29,747 [DEBUG] Receiving messages for queue https://sqs.us-east-1.amazonaws.com/668920780829/48af3caa2628a77608f25133b5a026234031fa57792265e865e8986eb90e2079
2020-06-20 16:15:49,835 [DEBUG] Receiving messages for queue https://sqs.us-east-1.amazonaws.com/668920780829/48af3caa2628a77608f25133b5a026234031fa57792265e865e8986eb90e2079
2020-06-20 16:16:09,872 [DEBUG] Receiving messages for queue https://sqs.us-east-1.amazonaws.com/668920780829/48af3caa2628a77608f25133b5a026234031fa57792265e865e8986eb90e2079
2020-06-20 16:16:29,909 [DEBUG] Receiving messages for queue https://sqs.us-east-1.amazonaws.com/668920780829/48af3caa2628a77608f25133b5a026234031fa57792265e865e8986eb90e2079
2020-06-20 16:16:49,942 [DEBUG] Receiving messages for queue https://sqs.us-east-1.amazonaws.com/668920780829/48af3caa2628a77608f25133b5a026234031fa57792265e865e8986eb90e2079
2020-06-20 16:17:09,977 [DEBUG] Receiving messages for queue https://sqs.us-east-1.amazonaws.com/668920780829/48af3caa2628a77608f25133b5a026234031fa57792265e865e8986eb90e2079
2020-06-20 16:17:30,015 [DEBUG] Receiving messages for queue https://sqs.us-east-1.amazonaws.com/668920780829/48af3caa2628a77608f25133b5a026234031fa57792265e865e8986eb90e2079
2020-06-20 16:17:50,044 [DEBUG] Receiving messages for queue https://sqs.us-east-1.amazonaws.com/668920780829/48af3caa2628a77608f25133b5a026234031fa57792265e865e8986eb90e2079
2020-06-20 16:18:10,079 [DEBUG] Receiving messages for queue https://sqs.us-east-1.amazonaws.com/668920780829/48af3caa2628a77608f25133b5a026234031fa57792265e865e8986eb90e2079
2020-06-20 16:18:30,117 [DEBUG] Receiving messages for queue https://sqs.us-east-1.amazonaws.com/668920780829/48af3caa2628a77608f25133b5a026234031fa57792265e865e8986eb90e2079
2020-06-20 16:18:50,151 [DEBUG] Receiving messages for queue https://sqs.us-east-1.amazonaws.com/668920780829/48af3caa2628a77608f25133b5a026234031fa57792265e865e8986eb90e2079
2020-06-20 16:19:10,234 [DEBUG] Receiving messages for queue https://sqs.us-east-1.amazonaws.com/668920780829/48af3caa2628a77608f25133b5a026234031fa57792265e865e8986eb90e2079
2020-06-20 16:19:30,264 [DEBUG] Receiving messages for queue https://sqs.us-east-1.amazonaws.com/668920780829/48af3caa2628a77608f25133b5a026234031fa57792265e865e8986eb90e2079
2020-06-20 16:19:50,300 [DEBUG] Receiving messages for queue https://sqs.us-east-1.amazonaws.com/668920780829/48af3caa2628a77608f25133b5a026234031fa57792265e865e8986eb90e2079
2020-06-20 16:20:10,335 [INFO] command processing is alive.
2020-06-20 16:20:10,335 [DEBUG] Receiving messages for queue https://sqs.us-east-1.amazonaws.com/668920780829/48af3caa2628a77608f25133b5a026234031fa57792265e865e8986eb90e2079
2020-06-20 16:20:30,367 [DEBUG] Receiving messages for queue https://sqs.us-east-1.amazonaws.com/668920780829/48af3caa2628a77608f25133b5a026234031fa57792265e865e8986eb90e2079
2020-06-20 16:20:50,405 [DEBUG] Receiving messages for queue https://sqs.us-east-1.amazonaws.com/668920780829/48af3caa2628a77608f25133b5a026234031fa57792265e865e8986eb90e2079
2020-06-20 16:21:10,450 [DEBUG] Receiving messages for queue https://sqs.us-east-1.amazonaws.com/668920780829/48af3caa2628a77608f25133b5a026234031fa57792265e865e8986eb90e2079
2020-06-20 16:21:30,483 [DEBUG] Receiving messages for queue https://sqs.us-east-1.amazonaws.com/668920780829/48af3caa2628a77608f25133b5a026234031fa57792265e865e8986eb90e2079
2020-06-20 16:21:50,514 [DEBUG] Receiving messages for queue https://sqs.us-east-1.amazonaws.com/668920780829/48af3caa2628a77608f25133b5a026234031fa57792265e865e8986eb90e2079
2020-06-20 16:22:10,548 [DEBUG] Receiving messages for queue https://sqs.us-east-1.amazonaws.com/668920780829/48af3caa2628a77608f25133b5a026234031fa57792265e865e8986eb90e2079
2020-06-20 16:22:30,632 [DEBUG] Receiving messages for queue https://sqs.us-east-1.amazonaws.com/668920780829/48af3caa2628a77608f25133b5a026234031fa57792265e865e8986eb90e2079
2020-06-20 16:22:50,664 [DEBUG] Receiving messages for queue https://sqs.us-east-1.amazonaws.com/668920780829/48af3caa2628a77608f25133b5a026234031fa57792265e865e8986eb90e2079
2020-06-20 16:23:10,700 [DEBUG] Receiving messages for queue https://sqs.us-east-1.amazonaws.com/668920780829/48af3caa2628a77608f25133b5a026234031fa57792265e865e8986eb90e2079
2020-06-20 16:23:30,737 [DEBUG] Receiving messages for queue https://sqs.us-east-1.amazonaws.com/668920780829/48af3caa2628a77608f25133b5a026234031fa57792265e865e8986eb90e2079
2020-06-20 16:23:50,767 [DEBUG] Receiving messages for queue https://sqs.us-east-1.amazonaws.com/668920780829/48af3caa2628a77608f25133b5a026234031fa57792265e865e8986eb90e2079
2020-06-20 16:24:10,804 [DEBUG] Receiving messages for queue https://sqs.us-east-1.amazonaws.com/668920780829/48af3caa2628a77608f25133b5a026234031fa57792265e865e8986eb90e2079
2020-06-20 16:24:30,837 [DEBUG] Receiving messages for queue https://sqs.us-east-1.amazonaws.com/668920780829/48af3caa2628a77608f25133b5a026234031fa57792265e865e8986eb90e2079
2020-06-20 16:24:50,868 [DEBUG] Receiving messages for queue https://sqs.us-east-1.amazonaws.com/668920780829/48af3caa2628a77608f25133b5a026234031fa57792265e865e8986eb90e2079
2020-06-20 16:25:10,963 [INFO] command processing is alive.
2020-06-20 16:25:10,963 [DEBUG] Receiving messages for queue https://sqs.us-east-1.amazonaws.com/668920780829/48af3caa2628a77608f25133b5a026234031fa57792265e865e8986eb90e2079
2020-06-20 16:25:30,999 [DEBUG] Receiving messages for queue https://sqs.us-east-1.amazonaws.com/668920780829/48af3caa2628a77608f25133b5a026234031fa57792265e865e8986eb90e2079
2020-06-20 16:25:51,034 [DEBUG] Receiving messages for queue https://sqs.us-east-1.amazonaws.com/668920780829/48af3caa2628a77608f25133b5a026234031fa57792265e865e8986eb90e2079
2020-06-20 16:26:11,068 [DEBUG] Receiving messages for queue https://sqs.us-east-1.amazonaws.com/668920780829/48af3caa2628a77608f25133b5a026234031fa57792265e865e8986eb90e2079
2020-06-20 16:26:31,155 [DEBUG] Receiving messages for queue https://sqs.us-east-1.amazonaws.com/668920780829/48af3caa2628a77608f25133b5a026234031fa57792265e865e8986eb90e2079
2020-06-20 16:26:51,239 [DEBUG] Receiving messages for queue https://sqs.us-east-1.amazonaws.com/668920780829/48af3caa2628a77608f25133b5a026234031fa57792265e865e8986eb90e2079
2020-06-20 16:26:54,664 [DEBUG] Processing message: {'EventHandle': 'https://cfn-command-events-useast1.s3.us-east-1.amazonaws.com/5d39614bff65ae446c4d904c4928595ccba6d0131ec9c8cb1a8b250e02aadd2b?X-Amz-Algorithm=AWS4-HMAC-SHA256&X-Amz-Date=20200620T162654Z&X-Amz-SignedHeaders=host&X-Amz-Expires=3719&X-Amz-Credential=AKIAI5VMU34ANEXDDPWQ%2F20200620%2Fus-east-1%2Fs3%2Faws4_request&X-Amz-Signature=206356ce088fb158347ffb8ba52f0e7d09d5a5a71529c9ca558e57f0cc2c6d73', 'DispatcherId': 'arn:aws:cloudformation:us-east-1:719690574295:dispatcher/awseb-e-gd8mdnwbh7-stack/6af998bf-f564-403e-8c0e-6a95f06dbff2', 'CommandName': 'ElasticBeanstalkCommand-AWSEBAutoScalingGroup', 'Expiration': 1592670534467, 'ResultQueue': 'https://sqs.us-east-1.amazonaws.com/668920780829/results', 'Data': 'https://elasticbeanstalk-us-east-1.s3.amazonaws.com/data/environments/b6cf5085-c55a-430d-8fc6-470f3f09a684/2b775544-ed0a-4d6c-ab22-fbdd539582d9?X-Amz-Algorithm=AWS4-HMAC-SHA256&X-Amz-Date=20200620T162654Z&X-Amz-SignedHeaders=host&X-Amz-Expires=300&X-Amz-Credential=AKIAJOBAZGDDMSAZSDSQ%2F20200620%2Fus-east-1%2Fs3%2Faws4_request&X-Amz-Signature=a6a551de515aad7ea62154d46551a56e3d630393f4d17849531b875577de535b', 'InvocationId': '287d17dc-c16a-47cd-96f3-69059d29bf51'}
2020-06-20 16:26:54,664 [DEBUG] Command message: {'EventHandle': 'https://cfn-command-events-useast1.s3.us-east-1.amazonaws.com/5d39614bff65ae446c4d904c4928595ccba6d0131ec9c8cb1a8b250e02aadd2b?X-Amz-Algorithm=AWS4-HMAC-SHA256&X-Amz-Date=20200620T162654Z&X-Amz-SignedHeaders=host&X-Amz-Expires=3719&X-Amz-Credential=AKIAI5VMU34ANEXDDPWQ%2F20200620%2Fus-east-1%2Fs3%2Faws4_request&X-Amz-Signature=206356ce088fb158347ffb8ba52f0e7d09d5a5a71529c9ca558e57f0cc2c6d73', 'DispatcherId': 'arn:aws:cloudformation:us-east-1:719690574295:dispatcher/awseb-e-gd8mdnwbh7-stack/6af998bf-f564-403e-8c0e-6a95f06dbff2', 'CommandName': 'ElasticBeanstalkCommand-AWSEBAutoScalingGroup', 'Expiration': 1592670534467, 'ResultQueue': 'https://sqs.us-east-1.amazonaws.com/668920780829/results', 'Data': 'https://elasticbeanstalk-us-east-1.s3.amazonaws.com/data/environments/b6cf5085-c55a-430d-8fc6-470f3f09a684/2b775544-ed0a-4d6c-ab22-fbdd539582d9?X-Amz-Algorithm=AWS4-HMAC-SHA256&X-Amz-Date=20200620T162654Z&X-Amz-SignedHeaders=host&X-Amz-Expires=300&X-Amz-Credential=AKIAJOBAZGDDMSAZSDSQ%2F20200620%2Fus-east-1%2Fs3%2Faws4_request&X-Amz-Signature=a6a551de515aad7ea62154d46551a56e3d630393f4d17849531b875577de535b', 'InvocationId': '287d17dc-c16a-47cd-96f3-69059d29bf51'}
2020-06-20 16:26:54,665 [INFO] Received command ElasticBeanstalkCommand-AWSEBAutoScalingGroup (invocation id: 287d17dc-c16a-47cd-96f3-69059d29bf51)
2020-06-20 16:26:54,665 [INFO] Running action for aws-eb-command-handler
2020-06-20 16:26:54,665 [DEBUG] Action environment: {'LANG': 'en_US.UTF-8', 'TERM': 'linux', 'LISTENER_ID': u'i-0c873ea98464cc837', 'RESULT_SECRET_KEY': u'YONdTfFJnw7C/op8fW32I2L+lOYb2DBQmji9jgc1', 'SHLVL': '1', 'RESULT_ACCESS_KEY': u'ASIAZXPWJDAOU2TCXMGZ', 'STACK_NAME': 'arn:aws:cloudformation:us-east-1:719690574295:stack/awseb-e-gd8mdnwbh7-stack/54b8d770-b310-11ea-8f04-0af60b3b604b', 'RESULT_SESSION_TOKEN': u'IQoJb3JpZ2luX2VjEKn//////////wEaCXVzLWVhc3QtMSJHMEUCIQDafSGDzU1RR0o+reqfY7lGuuOqwDM72Wy7C/FRQLX6eQIgArHScc1iExCXJwCzP6uPJvgYnSEoXtwTfZntF9X5mSAqjgMIMRAAGgw2Njg5MjA3ODA4MjkiDM4+C4L89PHM8hgrxirrApwRXBxBUTzJSoDjNyhtVMglXQ66eT4SHKuMX9rhxa40m+gN4zGJXfuAIpuanQ+097NsY8LvffU1C7lq5ai4MKinoikCIj8Z6nAUnRsaJ2Yiv7LLl4Gin0JsG3livdZdClCIv9sE3vFopWbhPVamdRyAKer5Oi/Mbk1mCNtjG/R0yMkfyWJ4M188IM5URyqzXCiC2gmX/xlTNnIi2HNY0A8vMAUY8869JVxG8Kah+j21JouGIJ93f7q2BhRHYWkKU1LA2RLTRIucxO6VyikcYTiyI3KfUjDlZTM0U5ZM7ckgyWFrmitHrlbV+o30slxuqFNoL70SKYRKjrVOazb0MH9nf2A4o8CXyWKsBNN3pJx6+MrUF9NGouHvSTK1DOw/yZ42r4nhbbGue70gRfZAiB+p3fvLXszLhkAViVIT63nu7yr+qayoGQ2hXStW4za/W7p7u4ESxtt54IclaIw23YUI1vdjrgQ0CCmGsDDb6bj3BTrfAV6mFkXTG7+Mg7W5wMNUTn4xc6anwD48DWbohcqf1/I5LsdqUkeuotMv2xOfw3a1OXSmnK6Yft4V98JyHFZAVB7kUtfY98BoQwtvG3wE+qP2utmY+YzD9ZIv8Tk2vEDMKSu+YOysiO7xqtwpOOKBTkJH0gxcY3q5hXVGzgnDp0uxCiJwjUae2fj5XKhIeurs8+5ejBcjFC5kaQHERQGMtyXw84L5n7upTjuj+hde7UhVzQmll3tWnR+EfPHbapG4lHZw/q1WE+m0WTSVyQLi0KNVojxg3OgpnVjbRm9Es3E=', 'UPSTART_JOB': 'cfn-hup', 'CMD_DATA': 'https://elasticbeanstalk-us-east-1.s3.amazonaws.com/data/environments/b6cf5085-c55a-430d-8fc6-470f3f09a684/2b775544-ed0a-4d6c-ab22-fbdd539582d9?X-Amz-Algorithm=AWS4-HMAC-SHA256&X-Amz-Date=20200620T162654Z&X-Amz-SignedHeaders=host&X-Amz-Expires=300&X-Amz-Credential=AKIAJOBAZGDDMSAZSDSQ%2F20200620%2Fus-east-1%2Fs3%2Faws4_request&X-Amz-Signature=a6a551de515aad7ea62154d46551a56e3d630393f4d17849531b875577de535b', 'UPSTART_INSTANCE': '', 'PWD': '/', 'PATH': '/usr/local/sbin:/usr/local/bin:/usr/bin:/usr/sbin:/sbin:/bin', 'CMD_NAME': 'ElasticBeanstalkCommand-AWSEBAutoScalingGroup', 'RESULT_QUEUE': 'https://sqs.us-east-1.amazonaws.com/668920780829/results', 'DISPATCHER_ID': 'arn:aws:cloudformation:us-east-1:719690574295:dispatcher/awseb-e-gd8mdnwbh7-stack/6af998bf-f564-403e-8c0e-6a95f06dbff2', 'EVENT_HANDLE': 'https://cfn-command-events-useast1.s3.us-east-1.amazonaws.com/5d39614bff65ae446c4d904c4928595ccba6d0131ec9c8cb1a8b250e02aadd2b?X-Amz-Algorithm=AWS4-HMAC-SHA256&X-Amz-Date=20200620T162654Z&X-Amz-SignedHeaders=host&X-Amz-Expires=3719&X-Amz-Credential=AKIAI5VMU34ANEXDDPWQ%2F20200620%2Fus-east-1%2Fs3%2Faws4_request&X-Amz-Signature=206356ce088fb158347ffb8ba52f0e7d09d5a5a71529c9ca558e57f0cc2c6d73', '_': '/opt/aws/bin/cfn-hup', 'INVOCATION_ID': '287d17dc-c16a-47cd-96f3-69059d29bf51'}
2020-06-20 16:26:55,078 [DEBUG] Action for aws-eb-command-handler output: {"status":"SUCCESS","api_version":"1.0","results":[{"status":"SUCCESS","msg":"","returncode":0,"events":[{"msg":"[Instance: i-0c873ea98464cc837] Successfully finished tailing 6 log(s)","severity":"INFO","timestamp":1592670415069}]}]}
2020-06-20 16:26:55,079 [INFO] Action for aws-eb-command-handler succeeded, returning SUCCESS
2020-06-20 16:26:55,079 [DEBUG] Sending {"Status": "SUCCESS", "DispatcherId": "arn:aws:cloudformation:us-east-1:719690574295:dispatcher/awseb-e-gd8mdnwbh7-stack/6af998bf-f564-403e-8c0e-6a95f06dbff2", "ListenerId": "i-0c873ea98464cc837", "CommandName": "ElasticBeanstalkCommand-AWSEBAutoScalingGroup", "InvocationId": "287d17dc-c16a-47cd-96f3-69059d29bf51", "Data": "{\"status\":\"SUCCESS\",\"api_version\":\"1.0\",\"results\":[{\"status\":\"SUCCESS\",\"msg\":\"\",\"returncode\":0,\"events\":[{\"msg\":\"[Instance: i-0c873ea98464cc837] Successfully finished tailing 6 log(s)\",\"severity\":\"INFO\",\"timestamp\":1592670415069}]}]}"} to queue https://sqs.us-east-1.amazonaws.com/668920780829/results
2020-06-20 16:26:55,144 [DEBUG] Deleting AQEBrfaRdXVpbroDNqnqglTdFvcNZDxdID7oK1q/19Bok7i7AzgZDfaB3K3xOhYiNMoej2O4YUe4Gg8YHi8/8UdKL2O1SwK7tvhJ+rzOoXwpaUDjriRsKvUkrtEUiZsLrYxSY15vhsR5vFvKgQ5n7gjZWgZbIkWYOZwbax+X/ldzB0A6YVm7zNn4nih8nkGwg8nqSdm2N0XVXHOPdA/Tx7kGBw5lU0KNw0SyTSQhwSAOn7Ph8mrslbiVnmawkTbbwvryxwQZPwkfJ1gG4t7nH54hhJsP8RQBZZUAtzdFu0qpHwj+XXB7NZ/aJ2BxcYlND4Q1WK6Iva+/R//RxRAU5eCHUb/oVo9Jk0ULX3wrTxvVYw593aSDImCF6dnPj1X9Cmh3WO/76ITuB2retJqBTjfvqfTBMbEyFJtSluglqbB+/iOYjZmdXLfV8QsN+bbkhv8Rz63d6QX7WvYthGC/R0GQFw== from queue https://sqs.us-east-1.amazonaws.com/668920780829/48af3caa2628a77608f25133b5a026234031fa57792265e865e8986eb90e2079
2020-06-20 16:26:55,208 [DEBUG] Receiving messages for queue https://sqs.us-east-1.amazonaws.com/668920780829/48af3caa2628a77608f25133b5a026234031fa57792265e865e8986eb90e2079
2020-06-20 16:27:15,249 [DEBUG] Receiving messages for queue https://sqs.us-east-1.amazonaws.com/668920780829/48af3caa2628a77608f25133b5a026234031fa57792265e865e8986eb90e2079
2020-06-20 16:27:35,288 [DEBUG] Receiving messages for queue https://sqs.us-east-1.amazonaws.com/668920780829/48af3caa2628a77608f25133b5a026234031fa57792265e865e8986eb90e2079
2020-06-20 16:27:55,319 [DEBUG] Receiving messages for queue https://sqs.us-east-1.amazonaws.com/668920780829/48af3caa2628a77608f25133b5a026234031fa57792265e865e8986eb90e2079
2020-06-20 16:28:15,352 [DEBUG] Receiving messages for queue https://sqs.us-east-1.amazonaws.com/668920780829/48af3caa2628a77608f25133b5a026234031fa57792265e865e8986eb90e2079
2020-06-20 16:28:35,386 [DEBUG] Receiving messages for queue https://sqs.us-east-1.amazonaws.com/668920780829/48af3caa2628a77608f25133b5a026234031fa57792265e865e8986eb90e2079
2020-06-20 16:28:55,424 [DEBUG] Receiving messages for queue https://sqs.us-east-1.amazonaws.com/668920780829/48af3caa2628a77608f25133b5a026234031fa57792265e865e8986eb90e2079
2020-06-20 16:29:15,462 [DEBUG] Receiving messages for queue https://sqs.us-east-1.amazonaws.com/668920780829/48af3caa2628a77608f25133b5a026234031fa57792265e865e8986eb90e2079
2020-06-20 16:29:35,496 [DEBUG] Receiving messages for queue https://sqs.us-east-1.amazonaws.com/668920780829/48af3caa2628a77608f25133b5a026234031fa57792265e865e8986eb90e2079
2020-06-20 16:29:55,537 [DEBUG] Receiving messages for queue https://sqs.us-east-1.amazonaws.com/668920780829/48af3caa2628a77608f25133b5a026234031fa57792265e865e8986eb90e2079
2020-06-20 16:30:15,582 [INFO] command processing is alive.
2020-06-20 16:30:15,582 [DEBUG] Receiving messages for queue https://sqs.us-east-1.amazonaws.com/668920780829/48af3caa2628a77608f25133b5a026234031fa57792265e865e8986eb90e2079
2020-06-20 16:30:35,615 [DEBUG] Receiving messages for queue https://sqs.us-east-1.amazonaws.com/668920780829/48af3caa2628a77608f25133b5a026234031fa57792265e865e8986eb90e2079
2020-06-20 16:30:55,655 [DEBUG] Receiving messages for queue https://sqs.us-east-1.amazonaws.com/668920780829/48af3caa2628a77608f25133b5a026234031fa57792265e865e8986eb90e2079
2020-06-20 16:31:15,689 [DEBUG] Receiving messages for queue https://sqs.us-east-1.amazonaws.com/668920780829/48af3caa2628a77608f25133b5a026234031fa57792265e865e8986eb90e2079
2020-06-20 16:31:35,722 [DEBUG] Receiving messages for queue https://sqs.us-east-1.amazonaws.com/668920780829/48af3caa2628a77608f25133b5a026234031fa57792265e865e8986eb90e2079
2020-06-20 16:31:55,761 [DEBUG] Receiving messages for queue https://sqs.us-east-1.amazonaws.com/668920780829/48af3caa2628a77608f25133b5a026234031fa57792265e865e8986eb90e2079
2020-06-20 16:32:15,792 [DEBUG] Receiving messages for queue https://sqs.us-east-1.amazonaws.com/668920780829/48af3caa2628a77608f25133b5a026234031fa57792265e865e8986eb90e2079
2020-06-20 16:32:35,827 [DEBUG] Receiving messages for queue https://sqs.us-east-1.amazonaws.com/668920780829/48af3caa2628a77608f25133b5a026234031fa57792265e865e8986eb90e2079
2020-06-20 16:32:55,862 [DEBUG] Receiving messages for queue https://sqs.us-east-1.amazonaws.com/668920780829/48af3caa2628a77608f25133b5a026234031fa57792265e865e8986eb90e2079
2020-06-20 16:33:15,893 [DEBUG] Receiving messages for queue https://sqs.us-east-1.amazonaws.com/668920780829/48af3caa2628a77608f25133b5a026234031fa57792265e865e8986eb90e2079
2020-06-20 16:33:35,924 [DEBUG] Receiving messages for queue https://sqs.us-east-1.amazonaws.com/668920780829/48af3caa2628a77608f25133b5a026234031fa57792265e865e8986eb90e2079
2020-06-20 16:33:55,955 [DEBUG] Receiving messages for queue https://sqs.us-east-1.amazonaws.com/668920780829/48af3caa2628a77608f25133b5a026234031fa57792265e865e8986eb90e2079
2020-06-20 16:34:15,996 [DEBUG] Receiving messages for queue https://sqs.us-east-1.amazonaws.com/668920780829/48af3caa2628a77608f25133b5a026234031fa57792265e865e8986eb90e2079
2020-06-20 16:34:36,035 [DEBUG] Receiving messages for queue https://sqs.us-east-1.amazonaws.com/668920780829/48af3caa2628a77608f25133b5a026234031fa57792265e865e8986eb90e2079
2020-06-20 16:34:56,119 [DEBUG] Receiving messages for queue https://sqs.us-east-1.amazonaws.com/668920780829/48af3caa2628a77608f25133b5a026234031fa57792265e865e8986eb90e2079
2020-06-20 16:35:16,158 [INFO] command processing is alive.
2020-06-20 16:35:16,158 [DEBUG] Receiving messages for queue https://sqs.us-east-1.amazonaws.com/668920780829/48af3caa2628a77608f25133b5a026234031fa57792265e865e8986eb90e2079
2020-06-20 16:35:36,192 [DEBUG] Receiving messages for queue https://sqs.us-east-1.amazonaws.com/668920780829/48af3caa2628a77608f25133b5a026234031fa57792265e865e8986eb90e2079
2020-06-20 16:35:56,222 [DEBUG] Receiving messages for queue https://sqs.us-east-1.amazonaws.com/668920780829/48af3caa2628a77608f25133b5a026234031fa57792265e865e8986eb90e2079
2020-06-20 16:36:16,357 [DEBUG] Receiving messages for queue https://sqs.us-east-1.amazonaws.com/668920780829/48af3caa2628a77608f25133b5a026234031fa57792265e865e8986eb90e2079
2020-06-20 16:36:36,391 [DEBUG] Receiving messages for queue https://sqs.us-east-1.amazonaws.com/668920780829/48af3caa2628a77608f25133b5a026234031fa57792265e865e8986eb90e2079
2020-06-20 16:36:56,431 [DEBUG] Receiving messages for queue https://sqs.us-east-1.amazonaws.com/668920780829/48af3caa2628a77608f25133b5a026234031fa57792265e865e8986eb90e2079
2020-06-20 16:37:16,471 [DEBUG] Receiving messages for queue https://sqs.us-east-1.amazonaws.com/668920780829/48af3caa2628a77608f25133b5a026234031fa57792265e865e8986eb90e2079
2020-06-20 16:37:36,505 [DEBUG] Receiving messages for queue https://sqs.us-east-1.amazonaws.com/668920780829/48af3caa2628a77608f25133b5a026234031fa57792265e865e8986eb90e2079
2020-06-20 16:37:56,542 [DEBUG] Receiving messages for queue https://sqs.us-east-1.amazonaws.com/668920780829/48af3caa2628a77608f25133b5a026234031fa57792265e865e8986eb90e2079
2020-06-20 16:38:16,576 [DEBUG] Receiving messages for queue https://sqs.us-east-1.amazonaws.com/668920780829/48af3caa2628a77608f25133b5a026234031fa57792265e865e8986eb90e2079
2020-06-20 16:38:36,619 [DEBUG] Receiving messages for queue https://sqs.us-east-1.amazonaws.com/668920780829/48af3caa2628a77608f25133b5a026234031fa57792265e865e8986eb90e2079
2020-06-20 16:38:56,660 [DEBUG] Receiving messages for queue https://sqs.us-east-1.amazonaws.com/668920780829/48af3caa2628a77608f25133b5a026234031fa57792265e865e8986eb90e2079
2020-06-20 16:39:16,695 [DEBUG] Receiving messages for queue https://sqs.us-east-1.amazonaws.com/668920780829/48af3caa2628a77608f25133b5a026234031fa57792265e865e8986eb90e2079
2020-06-20 16:39:36,729 [DEBUG] Receiving messages for queue https://sqs.us-east-1.amazonaws.com/668920780829/48af3caa2628a77608f25133b5a026234031fa57792265e865e8986eb90e2079
2020-06-20 16:39:56,766 [DEBUG] Receiving messages for queue https://sqs.us-east-1.amazonaws.com/668920780829/48af3caa2628a77608f25133b5a026234031fa57792265e865e8986eb90e2079
2020-06-20 16:40:16,795 [INFO] command processing is alive.
2020-06-20 16:40:16,795 [DEBUG] Receiving messages for queue https://sqs.us-east-1.amazonaws.com/668920780829/48af3caa2628a77608f25133b5a026234031fa57792265e865e8986eb90e2079
2020-06-20 16:40:36,828 [DEBUG] Receiving messages for queue https://sqs.us-east-1.amazonaws.com/668920780829/48af3caa2628a77608f25133b5a026234031fa57792265e865e8986eb90e2079
2020-06-20 16:40:56,864 [DEBUG] Receiving messages for queue https://sqs.us-east-1.amazonaws.com/668920780829/48af3caa2628a77608f25133b5a026234031fa57792265e865e8986eb90e2079
2020-06-20 16:41:16,900 [DEBUG] Receiving messages for queue https://sqs.us-east-1.amazonaws.com/668920780829/48af3caa2628a77608f25133b5a026234031fa57792265e865e8986eb90e2079
2020-06-20 16:41:36,935 [DEBUG] Receiving messages for queue https://sqs.us-east-1.amazonaws.com/668920780829/48af3caa2628a77608f25133b5a026234031fa57792265e865e8986eb90e2079
2020-06-20 16:41:56,972 [DEBUG] Receiving messages for queue https://sqs.us-east-1.amazonaws.com/668920780829/48af3caa2628a77608f25133b5a026234031fa57792265e865e8986eb90e2079
2020-06-20 16:42:17,014 [DEBUG] Receiving messages for queue https://sqs.us-east-1.amazonaws.com/668920780829/48af3caa2628a77608f25133b5a026234031fa57792265e865e8986eb90e2079
2020-06-20 16:42:37,093 [DEBUG] Receiving messages for queue https://sqs.us-east-1.amazonaws.com/668920780829/48af3caa2628a77608f25133b5a026234031fa57792265e865e8986eb90e2079
2020-06-20 16:42:57,123 [DEBUG] Receiving messages for queue https://sqs.us-east-1.amazonaws.com/668920780829/48af3caa2628a77608f25133b5a026234031fa57792265e865e8986eb90e2079
2020-06-20 16:43:17,161 [DEBUG] Receiving messages for queue https://sqs.us-east-1.amazonaws.com/668920780829/48af3caa2628a77608f25133b5a026234031fa57792265e865e8986eb90e2079
2020-06-20 16:43:37,196 [DEBUG] Receiving messages for queue https://sqs.us-east-1.amazonaws.com/668920780829/48af3caa2628a77608f25133b5a026234031fa57792265e865e8986eb90e2079
2020-06-20 16:43:57,223 [DEBUG] Receiving messages for queue https://sqs.us-east-1.amazonaws.com/668920780829/48af3caa2628a77608f25133b5a026234031fa57792265e865e8986eb90e2079
2020-06-20 16:44:17,259 [DEBUG] Receiving messages for queue https://sqs.us-east-1.amazonaws.com/668920780829/48af3caa2628a77608f25133b5a026234031fa57792265e865e8986eb90e2079
2020-06-20 16:44:37,295 [DEBUG] Receiving messages for queue https://sqs.us-east-1.amazonaws.com/668920780829/48af3caa2628a77608f25133b5a026234031fa57792265e865e8986eb90e2079
2020-06-20 16:44:57,335 [DEBUG] Receiving messages for queue https://sqs.us-east-1.amazonaws.com/668920780829/48af3caa2628a77608f25133b5a026234031fa57792265e865e8986eb90e2079
2020-06-20 16:45:17,372 [INFO] command processing is alive.
2020-06-20 16:45:17,372 [DEBUG] Receiving messages for queue https://sqs.us-east-1.amazonaws.com/668920780829/48af3caa2628a77608f25133b5a026234031fa57792265e865e8986eb90e2079
2020-06-20 16:45:34,295 [DEBUG] Processing message: {'EventHandle': 'https://cfn-command-events-useast1.s3.us-east-1.amazonaws.com/ea6a70462ee0ec55d3a9ab8fbe7d7c5a9e66fdb02462fc18024de73da1d75f66?X-Amz-Algorithm=AWS4-HMAC-SHA256&X-Amz-Date=20200620T164534Z&X-Amz-SignedHeaders=host&X-Amz-Expires=3719&X-Amz-Credential=AKIAI5VMU34ANEXDDPWQ%2F20200620%2Fus-east-1%2Fs3%2Faws4_request&X-Amz-Signature=88405b3f43501049ff99782fea531c274c55283dda74f3588aacf8a49189f5fe', 'DispatcherId': 'arn:aws:cloudformation:us-east-1:719690574295:dispatcher/awseb-e-gd8mdnwbh7-stack/6af998bf-f564-403e-8c0e-6a95f06dbff2', 'CommandName': 'ElasticBeanstalkCommand-AWSEBAutoScalingGroup', 'Expiration': 1592671654165, 'ResultQueue': 'https://sqs.us-east-1.amazonaws.com/668920780829/results', 'Data': 'https://elasticbeanstalk-us-east-1.s3.amazonaws.com/data/environments/b6cf5085-c55a-430d-8fc6-470f3f09a684/f553115b-0640-46f9-8d22-0bdc281e68ba?X-Amz-Algorithm=AWS4-HMAC-SHA256&X-Amz-Date=20200620T164534Z&X-Amz-SignedHeaders=host&X-Amz-Expires=300&X-Amz-Credential=AKIAJOBAZGDDMSAZSDSQ%2F20200620%2Fus-east-1%2Fs3%2Faws4_request&X-Amz-Signature=0988cf776450a36d35d2d5bde30405ab6675af8f6451b34542aa8e1e96023331', 'InvocationId': 'f5a8b493-deba-48e3-8416-a12b2b4638ca'}
2020-06-20 16:45:34,295 [DEBUG] Command message: {'EventHandle': 'https://cfn-command-events-useast1.s3.us-east-1.amazonaws.com/ea6a70462ee0ec55d3a9ab8fbe7d7c5a9e66fdb02462fc18024de73da1d75f66?X-Amz-Algorithm=AWS4-HMAC-SHA256&X-Amz-Date=20200620T164534Z&X-Amz-SignedHeaders=host&X-Amz-Expires=3719&X-Amz-Credential=AKIAI5VMU34ANEXDDPWQ%2F20200620%2Fus-east-1%2Fs3%2Faws4_request&X-Amz-Signature=88405b3f43501049ff99782fea531c274c55283dda74f3588aacf8a49189f5fe', 'DispatcherId': 'arn:aws:cloudformation:us-east-1:719690574295:dispatcher/awseb-e-gd8mdnwbh7-stack/6af998bf-f564-403e-8c0e-6a95f06dbff2', 'CommandName': 'ElasticBeanstalkCommand-AWSEBAutoScalingGroup', 'Expiration': 1592671654165, 'ResultQueue': 'https://sqs.us-east-1.amazonaws.com/668920780829/results', 'Data': 'https://elasticbeanstalk-us-east-1.s3.amazonaws.com/data/environments/b6cf5085-c55a-430d-8fc6-470f3f09a684/f553115b-0640-46f9-8d22-0bdc281e68ba?X-Amz-Algorithm=AWS4-HMAC-SHA256&X-Amz-Date=20200620T164534Z&X-Amz-SignedHeaders=host&X-Amz-Expires=300&X-Amz-Credential=AKIAJOBAZGDDMSAZSDSQ%2F20200620%2Fus-east-1%2Fs3%2Faws4_request&X-Amz-Signature=0988cf776450a36d35d2d5bde30405ab6675af8f6451b34542aa8e1e96023331', 'InvocationId': 'f5a8b493-deba-48e3-8416-a12b2b4638ca'}
2020-06-20 16:45:34,295 [INFO] Received command ElasticBeanstalkCommand-AWSEBAutoScalingGroup (invocation id: f5a8b493-deba-48e3-8416-a12b2b4638ca)
2020-06-20 16:45:34,296 [INFO] Running action for aws-eb-command-handler
2020-06-20 16:45:34,296 [DEBUG] Action environment: {'LANG': 'en_US.UTF-8', 'TERM': 'linux', 'LISTENER_ID': u'i-0c873ea98464cc837', 'RESULT_SECRET_KEY': u'YONdTfFJnw7C/op8fW32I2L+lOYb2DBQmji9jgc1', 'SHLVL': '1', 'RESULT_ACCESS_KEY': u'ASIAZXPWJDAOU2TCXMGZ', 'STACK_NAME': 'arn:aws:cloudformation:us-east-1:719690574295:stack/awseb-e-gd8mdnwbh7-stack/54b8d770-b310-11ea-8f04-0af60b3b604b', 'RESULT_SESSION_TOKEN': u'IQoJb3JpZ2luX2VjEKn//////////wEaCXVzLWVhc3QtMSJHMEUCIQDafSGDzU1RR0o+reqfY7lGuuOqwDM72Wy7C/FRQLX6eQIgArHScc1iExCXJwCzP6uPJvgYnSEoXtwTfZntF9X5mSAqjgMIMRAAGgw2Njg5MjA3ODA4MjkiDM4+C4L89PHM8hgrxirrApwRXBxBUTzJSoDjNyhtVMglXQ66eT4SHKuMX9rhxa40m+gN4zGJXfuAIpuanQ+097NsY8LvffU1C7lq5ai4MKinoikCIj8Z6nAUnRsaJ2Yiv7LLl4Gin0JsG3livdZdClCIv9sE3vFopWbhPVamdRyAKer5Oi/Mbk1mCNtjG/R0yMkfyWJ4M188IM5URyqzXCiC2gmX/xlTNnIi2HNY0A8vMAUY8869JVxG8Kah+j21JouGIJ93f7q2BhRHYWkKU1LA2RLTRIucxO6VyikcYTiyI3KfUjDlZTM0U5ZM7ckgyWFrmitHrlbV+o30slxuqFNoL70SKYRKjrVOazb0MH9nf2A4o8CXyWKsBNN3pJx6+MrUF9NGouHvSTK1DOw/yZ42r4nhbbGue70gRfZAiB+p3fvLXszLhkAViVIT63nu7yr+qayoGQ2hXStW4za/W7p7u4ESxtt54IclaIw23YUI1vdjrgQ0CCmGsDDb6bj3BTrfAV6mFkXTG7+Mg7W5wMNUTn4xc6anwD48DWbohcqf1/I5LsdqUkeuotMv2xOfw3a1OXSmnK6Yft4V98JyHFZAVB7kUtfY98BoQwtvG3wE+qP2utmY+YzD9ZIv8Tk2vEDMKSu+YOysiO7xqtwpOOKBTkJH0gxcY3q5hXVGzgnDp0uxCiJwjUae2fj5XKhIeurs8+5ejBcjFC5kaQHERQGMtyXw84L5n7upTjuj+hde7UhVzQmll3tWnR+EfPHbapG4lHZw/q1WE+m0WTSVyQLi0KNVojxg3OgpnVjbRm9Es3E=', 'UPSTART_JOB': 'cfn-hup', 'CMD_DATA': 'https://elasticbeanstalk-us-east-1.s3.amazonaws.com/data/environments/b6cf5085-c55a-430d-8fc6-470f3f09a684/f553115b-0640-46f9-8d22-0bdc281e68ba?X-Amz-Algorithm=AWS4-HMAC-SHA256&X-Amz-Date=20200620T164534Z&X-Amz-SignedHeaders=host&X-Amz-Expires=300&X-Amz-Credential=AKIAJOBAZGDDMSAZSDSQ%2F20200620%2Fus-east-1%2Fs3%2Faws4_request&X-Amz-Signature=0988cf776450a36d35d2d5bde30405ab6675af8f6451b34542aa8e1e96023331', 'UPSTART_INSTANCE': '', 'PWD': '/', 'PATH': '/usr/local/sbin:/usr/local/bin:/usr/bin:/usr/sbin:/sbin:/bin', 'CMD_NAME': 'ElasticBeanstalkCommand-AWSEBAutoScalingGroup', 'RESULT_QUEUE': 'https://sqs.us-east-1.amazonaws.com/668920780829/results', 'DISPATCHER_ID': 'arn:aws:cloudformation:us-east-1:719690574295:dispatcher/awseb-e-gd8mdnwbh7-stack/6af998bf-f564-403e-8c0e-6a95f06dbff2', 'EVENT_HANDLE': 'https://cfn-command-events-useast1.s3.us-east-1.amazonaws.com/ea6a70462ee0ec55d3a9ab8fbe7d7c5a9e66fdb02462fc18024de73da1d75f66?X-Amz-Algorithm=AWS4-HMAC-SHA256&X-Amz-Date=20200620T164534Z&X-Amz-SignedHeaders=host&X-Amz-Expires=3719&X-Amz-Credential=AKIAI5VMU34ANEXDDPWQ%2F20200620%2Fus-east-1%2Fs3%2Faws4_request&X-Amz-Signature=88405b3f43501049ff99782fea531c274c55283dda74f3588aacf8a49189f5fe', '_': '/opt/aws/bin/cfn-hup', 'INVOCATION_ID': 'f5a8b493-deba-48e3-8416-a12b2b4638ca'}
2020-06-20 16:45:46,086 [DEBUG] Action for aws-eb-command-handler output: {"status":"SUCCESS","api_version":"1.0","results":[{"status":"SUCCESS","msg":"","returncode":0,"events":[]}]}
2020-06-20 16:45:46,087 [INFO] Action for aws-eb-command-handler succeeded, returning SUCCESS
2020-06-20 16:45:46,096 [DEBUG] Sending {"Status": "SUCCESS", "DispatcherId": "arn:aws:cloudformation:us-east-1:719690574295:dispatcher/awseb-e-gd8mdnwbh7-stack/6af998bf-f564-403e-8c0e-6a95f06dbff2", "ListenerId": "i-0c873ea98464cc837", "CommandName": "ElasticBeanstalkCommand-AWSEBAutoScalingGroup", "InvocationId": "f5a8b493-deba-48e3-8416-a12b2b4638ca", "Data": "{\"status\":\"SUCCESS\",\"api_version\":\"1.0\",\"results\":[{\"status\":\"SUCCESS\",\"msg\":\"\",\"returncode\":0,\"events\":[]}]}"} to queue https://sqs.us-east-1.amazonaws.com/668920780829/results
2020-06-20 16:45:46,220 [DEBUG] Deleting AQEBrTe8vvNsNZClyrbpOHSa9y/8UyGiAH9cyI8xF5IcHKwUjjaHdJkeQA8E9k2NcmSIooCa00cN8YEHt6Mum9qQNIL5PH71PolF+199Uo3vvXW4BmVGb4XYCrv4GOGEWGICqer6LZuoJ0kkzK0nKrBAO12ALltLm+2iGtMJGxvAzqQjh2QBVAPXNM92N8dlptq71IwNwMk3yG6YHS3GJ6FL4r9ivTrUw1jIbdW9a7gaQd2Y9BK8jW757nAZ9Pr+HObw5zcIOrGhCVEj3R0/lplVRKC33y2oTUQOmpRLc3hskyddwvVwmIUDyWXILmeZPW/Fau/E76m/PWKwRErr79g80RNvKION0aDhDveX4NIqMZrmf77Nt4r3ZpBTQiExw+Wda74s9FaCHFsuRDkIC+bEgAsIsJsKM06KZ89sx0EYSoaK6nxr5PFAkQwn2/SWVw+Lsy+GMFWGwEPphJuC/zwlQA== from queue https://sqs.us-east-1.amazonaws.com/668920780829/48af3caa2628a77608f25133b5a026234031fa57792265e865e8986eb90e2079
2020-06-20 16:45:46,359 [DEBUG] Receiving messages for queue https://sqs.us-east-1.amazonaws.com/668920780829/48af3caa2628a77608f25133b5a026234031fa57792265e865e8986eb90e2079
2020-06-20 16:46:06,445 [DEBUG] Receiving messages for queue https://sqs.us-east-1.amazonaws.com/668920780829/48af3caa2628a77608f25133b5a026234031fa57792265e865e8986eb90e2079
2020-06-20 16:46:26,482 [DEBUG] Receiving messages for queue https://sqs.us-east-1.amazonaws.com/668920780829/48af3caa2628a77608f25133b5a026234031fa57792265e865e8986eb90e2079
2020-06-20 16:46:46,522 [DEBUG] Receiving messages for queue https://sqs.us-east-1.amazonaws.com/668920780829/48af3caa2628a77608f25133b5a026234031fa57792265e865e8986eb90e2079
2020-06-20 16:47:06,557 [DEBUG] Receiving messages for queue https://sqs.us-east-1.amazonaws.com/668920780829/48af3caa2628a77608f25133b5a026234031fa57792265e865e8986eb90e2079
2020-06-20 16:47:26,593 [DEBUG] Receiving messages for queue https://sqs.us-east-1.amazonaws.com/668920780829/48af3caa2628a77608f25133b5a026234031fa57792265e865e8986eb90e2079
2020-06-20 16:47:46,687 [DEBUG] Receiving messages for queue https://sqs.us-east-1.amazonaws.com/668920780829/48af3caa2628a77608f25133b5a026234031fa57792265e865e8986eb90e2079
2020-06-20 16:48:06,770 [DEBUG] Receiving messages for queue https://sqs.us-east-1.amazonaws.com/668920780829/48af3caa2628a77608f25133b5a026234031fa57792265e865e8986eb90e2079
2020-06-20 16:48:26,802 [DEBUG] Receiving messages for queue https://sqs.us-east-1.amazonaws.com/668920780829/48af3caa2628a77608f25133b5a026234031fa57792265e865e8986eb90e2079
2020-06-20 16:48:46,839 [DEBUG] Receiving messages for queue https://sqs.us-east-1.amazonaws.com/668920780829/48af3caa2628a77608f25133b5a026234031fa57792265e865e8986eb90e2079
2020-06-20 16:49:06,870 [DEBUG] Receiving messages for queue https://sqs.us-east-1.amazonaws.com/668920780829/48af3caa2628a77608f25133b5a026234031fa57792265e865e8986eb90e2079
2020-06-20 16:49:26,901 [DEBUG] Receiving messages for queue https://sqs.us-east-1.amazonaws.com/668920780829/48af3caa2628a77608f25133b5a026234031fa57792265e865e8986eb90e2079
2020-06-20 16:49:46,938 [DEBUG] Receiving messages for queue https://sqs.us-east-1.amazonaws.com/668920780829/48af3caa2628a77608f25133b5a026234031fa57792265e865e8986eb90e2079
2020-06-20 16:50:06,976 [DEBUG] Receiving messages for queue https://sqs.us-east-1.amazonaws.com/668920780829/48af3caa2628a77608f25133b5a026234031fa57792265e865e8986eb90e2079
2020-06-20 16:50:19,438 [DEBUG] Processing message: {'EventHandle': 'https://cfn-command-events-useast1.s3.us-east-1.amazonaws.com/2b0fcd4f7d7dc490cc9661f7a1f19bfe475402d7e4dcde394081a353c1f4513a?X-Amz-Algorithm=AWS4-HMAC-SHA256&X-Amz-Date=20200620T165019Z&X-Amz-SignedHeaders=host&X-Amz-Expires=3719&X-Amz-Credential=AKIAI5VMU34ANEXDDPWQ%2F20200620%2Fus-east-1%2Fs3%2Faws4_request&X-Amz-Signature=34b2b484c5addf1af9b4017231cc7b422e4bce1860ea89c565983e0a60806249', 'DispatcherId': 'arn:aws:cloudformation:us-east-1:719690574295:dispatcher/awseb-e-gd8mdnwbh7-stack/6af998bf-f564-403e-8c0e-6a95f06dbff2', 'CommandName': 'ElasticBeanstalkCommand-AWSEBAutoScalingGroup', 'Expiration': 1592671939301, 'ResultQueue': 'https://sqs.us-east-1.amazonaws.com/668920780829/results', 'Data': 'https://elasticbeanstalk-us-east-1.s3.amazonaws.com/data/environments/b6cf5085-c55a-430d-8fc6-470f3f09a684/3c459b42-5c47-4409-8c2e-4a60252a6da0?X-Amz-Algorithm=AWS4-HMAC-SHA256&X-Amz-Date=20200620T165019Z&X-Amz-SignedHeaders=host&X-Amz-Expires=300&X-Amz-Credential=AKIAJOBAZGDDMSAZSDSQ%2F20200620%2Fus-east-1%2Fs3%2Faws4_request&X-Amz-Signature=4846950ebe03fee0cee2f0af0718390259092fb7ee4a25c58249e3e330031c27', 'InvocationId': '854b7572-9e60-4a99-a627-04094a569bfa'}
2020-06-20 16:50:19,438 [DEBUG] Command message: {'EventHandle': 'https://cfn-command-events-useast1.s3.us-east-1.amazonaws.com/2b0fcd4f7d7dc490cc9661f7a1f19bfe475402d7e4dcde394081a353c1f4513a?X-Amz-Algorithm=AWS4-HMAC-SHA256&X-Amz-Date=20200620T165019Z&X-Amz-SignedHeaders=host&X-Amz-Expires=3719&X-Amz-Credential=AKIAI5VMU34ANEXDDPWQ%2F20200620%2Fus-east-1%2Fs3%2Faws4_request&X-Amz-Signature=34b2b484c5addf1af9b4017231cc7b422e4bce1860ea89c565983e0a60806249', 'DispatcherId': 'arn:aws:cloudformation:us-east-1:719690574295:dispatcher/awseb-e-gd8mdnwbh7-stack/6af998bf-f564-403e-8c0e-6a95f06dbff2', 'CommandName': 'ElasticBeanstalkCommand-AWSEBAutoScalingGroup', 'Expiration': 1592671939301, 'ResultQueue': 'https://sqs.us-east-1.amazonaws.com/668920780829/results', 'Data': 'https://elasticbeanstalk-us-east-1.s3.amazonaws.com/data/environments/b6cf5085-c55a-430d-8fc6-470f3f09a684/3c459b42-5c47-4409-8c2e-4a60252a6da0?X-Amz-Algorithm=AWS4-HMAC-SHA256&X-Amz-Date=20200620T165019Z&X-Amz-SignedHeaders=host&X-Amz-Expires=300&X-Amz-Credential=AKIAJOBAZGDDMSAZSDSQ%2F20200620%2Fus-east-1%2Fs3%2Faws4_request&X-Amz-Signature=4846950ebe03fee0cee2f0af0718390259092fb7ee4a25c58249e3e330031c27', 'InvocationId': '854b7572-9e60-4a99-a627-04094a569bfa'}
2020-06-20 16:50:19,438 [INFO] Received command ElasticBeanstalkCommand-AWSEBAutoScalingGroup (invocation id: 854b7572-9e60-4a99-a627-04094a569bfa)
2020-06-20 16:50:19,438 [INFO] Running action for aws-eb-command-handler
2020-06-20 16:50:19,439 [DEBUG] Action environment: {'LANG': 'en_US.UTF-8', 'TERM': 'linux', 'LISTENER_ID': u'i-0c873ea98464cc837', 'RESULT_SECRET_KEY': u'YONdTfFJnw7C/op8fW32I2L+lOYb2DBQmji9jgc1', 'SHLVL': '1', 'RESULT_ACCESS_KEY': u'ASIAZXPWJDAOU2TCXMGZ', 'STACK_NAME': 'arn:aws:cloudformation:us-east-1:719690574295:stack/awseb-e-gd8mdnwbh7-stack/54b8d770-b310-11ea-8f04-0af60b3b604b', 'RESULT_SESSION_TOKEN': u'IQoJb3JpZ2luX2VjEKn//////////wEaCXVzLWVhc3QtMSJHMEUCIQDafSGDzU1RR0o+reqfY7lGuuOqwDM72Wy7C/FRQLX6eQIgArHScc1iExCXJwCzP6uPJvgYnSEoXtwTfZntF9X5mSAqjgMIMRAAGgw2Njg5MjA3ODA4MjkiDM4+C4L89PHM8hgrxirrApwRXBxBUTzJSoDjNyhtVMglXQ66eT4SHKuMX9rhxa40m+gN4zGJXfuAIpuanQ+097NsY8LvffU1C7lq5ai4MKinoikCIj8Z6nAUnRsaJ2Yiv7LLl4Gin0JsG3livdZdClCIv9sE3vFopWbhPVamdRyAKer5Oi/Mbk1mCNtjG/R0yMkfyWJ4M188IM5URyqzXCiC2gmX/xlTNnIi2HNY0A8vMAUY8869JVxG8Kah+j21JouGIJ93f7q2BhRHYWkKU1LA2RLTRIucxO6VyikcYTiyI3KfUjDlZTM0U5ZM7ckgyWFrmitHrlbV+o30slxuqFNoL70SKYRKjrVOazb0MH9nf2A4o8CXyWKsBNN3pJx6+MrUF9NGouHvSTK1DOw/yZ42r4nhbbGue70gRfZAiB+p3fvLXszLhkAViVIT63nu7yr+qayoGQ2hXStW4za/W7p7u4ESxtt54IclaIw23YUI1vdjrgQ0CCmGsDDb6bj3BTrfAV6mFkXTG7+Mg7W5wMNUTn4xc6anwD48DWbohcqf1/I5LsdqUkeuotMv2xOfw3a1OXSmnK6Yft4V98JyHFZAVB7kUtfY98BoQwtvG3wE+qP2utmY+YzD9ZIv8Tk2vEDMKSu+YOysiO7xqtwpOOKBTkJH0gxcY3q5hXVGzgnDp0uxCiJwjUae2fj5XKhIeurs8+5ejBcjFC5kaQHERQGMtyXw84L5n7upTjuj+hde7UhVzQmll3tWnR+EfPHbapG4lHZw/q1WE+m0WTSVyQLi0KNVojxg3OgpnVjbRm9Es3E=', 'UPSTART_JOB': 'cfn-hup', 'CMD_DATA': 'https://elasticbeanstalk-us-east-1.s3.amazonaws.com/data/environments/b6cf5085-c55a-430d-8fc6-470f3f09a684/3c459b42-5c47-4409-8c2e-4a60252a6da0?X-Amz-Algorithm=AWS4-HMAC-SHA256&X-Amz-Date=20200620T165019Z&X-Amz-SignedHeaders=host&X-Amz-Expires=300&X-Amz-Credential=AKIAJOBAZGDDMSAZSDSQ%2F20200620%2Fus-east-1%2Fs3%2Faws4_request&X-Amz-Signature=4846950ebe03fee0cee2f0af0718390259092fb7ee4a25c58249e3e330031c27', 'UPSTART_INSTANCE': '', 'PWD': '/', 'PATH': '/usr/local/sbin:/usr/local/bin:/usr/bin:/usr/sbin:/sbin:/bin', 'CMD_NAME': 'ElasticBeanstalkCommand-AWSEBAutoScalingGroup', 'RESULT_QUEUE': 'https://sqs.us-east-1.amazonaws.com/668920780829/results', 'DISPATCHER_ID': 'arn:aws:cloudformation:us-east-1:719690574295:dispatcher/awseb-e-gd8mdnwbh7-stack/6af998bf-f564-403e-8c0e-6a95f06dbff2', 'EVENT_HANDLE': 'https://cfn-command-events-useast1.s3.us-east-1.amazonaws.com/2b0fcd4f7d7dc490cc9661f7a1f19bfe475402d7e4dcde394081a353c1f4513a?X-Amz-Algorithm=AWS4-HMAC-SHA256&X-Amz-Date=20200620T165019Z&X-Amz-SignedHeaders=host&X-Amz-Expires=3719&X-Amz-Credential=AKIAI5VMU34ANEXDDPWQ%2F20200620%2Fus-east-1%2Fs3%2Faws4_request&X-Amz-Signature=34b2b484c5addf1af9b4017231cc7b422e4bce1860ea89c565983e0a60806249', '_': '/opt/aws/bin/cfn-hup', 'INVOCATION_ID': '854b7572-9e60-4a99-a627-04094a569bfa'}
2020-06-20 16:50:19,887 [DEBUG] Action for aws-eb-command-handler output: {"status":"SUCCESS","api_version":"1.0","results":[{"status":"SUCCESS","msg":"","returncode":0,"events":[{"msg":"[Instance: i-0c873ea98464cc837] Successfully finished tailing 6 log(s)","severity":"INFO","timestamp":1592671819877}]}]}
2020-06-20 16:50:19,887 [INFO] Action for aws-eb-command-handler succeeded, returning SUCCESS
2020-06-20 16:50:19,887 [DEBUG] Sending {"Status": "SUCCESS", "DispatcherId": "arn:aws:cloudformation:us-east-1:719690574295:dispatcher/awseb-e-gd8mdnwbh7-stack/6af998bf-f564-403e-8c0e-6a95f06dbff2", "ListenerId": "i-0c873ea98464cc837", "CommandName": "ElasticBeanstalkCommand-AWSEBAutoScalingGroup", "InvocationId": "854b7572-9e60-4a99-a627-04094a569bfa", "Data": "{\"status\":\"SUCCESS\",\"api_version\":\"1.0\",\"results\":[{\"status\":\"SUCCESS\",\"msg\":\"\",\"returncode\":0,\"events\":[{\"msg\":\"[Instance: i-0c873ea98464cc837] Successfully finished tailing 6 log(s)\",\"severity\":\"INFO\",\"timestamp\":1592671819877}]}]}"} to queue https://sqs.us-east-1.amazonaws.com/668920780829/results
2020-06-20 16:50:19,952 [DEBUG] Deleting AQEBvx/iyZ8hFAVg3TF2MEbXGCWnFiifSRF84Jm0zDh3snZSFMGVKiT6FJHgXfLbhvNTl30ZDY7pDfpTvz9Qh1TuI8pTj8GNON5QxioE+D+Fyq1rDSHYbhSaKb6bboQmv/V7f+bM/HeAZ8YlFXLLuAq+o1vAFYUoQmJJg0vL2onp9iO7uY6Ofgx3QHn1WB7PqxuWFovZh8iL9ipeANzNyXuz8rrdDcStyCEw0URY6xp7Ef3DLeI31gvEhCr5FCziVOvpMQYjNACi2mPG/qkFesTMl5RW8g8GpgvFSHaAxdrMegNXm2Irm4VHTtS6hwwpdvgdk72Uo6cL0jbMBJgitaTdULOz9p2d7WpO68NphVSGCKI/31yzV8sBW0vY9UBDUEzrpxpxwgEPmBCk7oqBVpZ3wW2pz7cJE9fM7mffcaq1WGS5fqeVJFZoaCbTXowHQP/aavYwAF+iZIT81xQCaQzB4w== from queue https://sqs.us-east-1.amazonaws.com/668920780829/48af3caa2628a77608f25133b5a026234031fa57792265e865e8986eb90e2079
2020-06-20 16:50:19,984 [INFO] command processing is alive.
2020-06-20 16:50:19,984 [DEBUG] Receiving messages for queue https://sqs.us-east-1.amazonaws.com/668920780829/48af3caa2628a77608f25133b5a026234031fa57792265e865e8986eb90e2079
2020-06-20 16:50:40,013 [DEBUG] Receiving messages for queue https://sqs.us-east-1.amazonaws.com/668920780829/48af3caa2628a77608f25133b5a026234031fa57792265e865e8986eb90e2079
2020-06-20 16:51:00,044 [DEBUG] Receiving messages for queue https://sqs.us-east-1.amazonaws.com/668920780829/48af3caa2628a77608f25133b5a026234031fa57792265e865e8986eb90e2079
2020-06-20 16:51:20,079 [DEBUG] Receiving messages for queue https://sqs.us-east-1.amazonaws.com/668920780829/48af3caa2628a77608f25133b5a026234031fa57792265e865e8986eb90e2079
2020-06-20 16:51:40,117 [DEBUG] Receiving messages for queue https://sqs.us-east-1.amazonaws.com/668920780829/48af3caa2628a77608f25133b5a026234031fa57792265e865e8986eb90e2079
2020-06-20 16:52:00,145 [DEBUG] Receiving messages for queue https://sqs.us-east-1.amazonaws.com/668920780829/48af3caa2628a77608f25133b5a026234031fa57792265e865e8986eb90e2079
2020-06-20 16:52:20,176 [DEBUG] Receiving messages for queue https://sqs.us-east-1.amazonaws.com/668920780829/48af3caa2628a77608f25133b5a026234031fa57792265e865e8986eb90e2079
2020-06-20 16:52:40,209 [DEBUG] Receiving messages for queue https://sqs.us-east-1.amazonaws.com/668920780829/48af3caa2628a77608f25133b5a026234031fa57792265e865e8986eb90e2079
2020-06-20 16:53:00,244 [DEBUG] Receiving messages for queue https://sqs.us-east-1.amazonaws.com/668920780829/48af3caa2628a77608f25133b5a026234031fa57792265e865e8986eb90e2079
2020-06-20 16:53:20,280 [DEBUG] Receiving messages for queue https://sqs.us-east-1.amazonaws.com/668920780829/48af3caa2628a77608f25133b5a026234031fa57792265e865e8986eb90e2079
2020-06-20 16:53:40,315 [DEBUG] Receiving messages for queue https://sqs.us-east-1.amazonaws.com/668920780829/48af3caa2628a77608f25133b5a026234031fa57792265e865e8986eb90e2079
2020-06-20 16:54:00,352 [DEBUG] Receiving messages for queue https://sqs.us-east-1.amazonaws.com/668920780829/48af3caa2628a77608f25133b5a026234031fa57792265e865e8986eb90e2079
2020-06-20 16:54:20,386 [DEBUG] Receiving messages for queue https://sqs.us-east-1.amazonaws.com/668920780829/48af3caa2628a77608f25133b5a026234031fa57792265e865e8986eb90e2079
2020-06-20 16:54:40,417 [DEBUG] Receiving messages for queue https://sqs.us-east-1.amazonaws.com/668920780829/48af3caa2628a77608f25133b5a026234031fa57792265e865e8986eb90e2079
2020-06-20 16:55:00,451 [DEBUG] Receiving messages for queue https://sqs.us-east-1.amazonaws.com/668920780829/48af3caa2628a77608f25133b5a026234031fa57792265e865e8986eb90e2079
2020-06-20 16:55:20,490 [INFO] command processing is alive.
2020-06-20 16:55:20,490 [DEBUG] Receiving messages for queue https://sqs.us-east-1.amazonaws.com/668920780829/48af3caa2628a77608f25133b5a026234031fa57792265e865e8986eb90e2079
2020-06-20 16:55:40,522 [DEBUG] Receiving messages for queue https://sqs.us-east-1.amazonaws.com/668920780829/48af3caa2628a77608f25133b5a026234031fa57792265e865e8986eb90e2079
2020-06-20 16:56:00,557 [DEBUG] Receiving messages for queue https://sqs.us-east-1.amazonaws.com/668920780829/48af3caa2628a77608f25133b5a026234031fa57792265e865e8986eb90e2079
2020-06-20 16:56:20,598 [DEBUG] Receiving messages for queue https://sqs.us-east-1.amazonaws.com/668920780829/48af3caa2628a77608f25133b5a026234031fa57792265e865e8986eb90e2079
2020-06-20 16:56:40,636 [DEBUG] Receiving messages for queue https://sqs.us-east-1.amazonaws.com/668920780829/48af3caa2628a77608f25133b5a026234031fa57792265e865e8986eb90e2079
2020-06-20 16:57:00,669 [DEBUG] Receiving messages for queue https://sqs.us-east-1.amazonaws.com/668920780829/48af3caa2628a77608f25133b5a026234031fa57792265e865e8986eb90e2079
2020-06-20 16:57:20,706 [DEBUG] Receiving messages for queue https://sqs.us-east-1.amazonaws.com/668920780829/48af3caa2628a77608f25133b5a026234031fa57792265e865e8986eb90e2079
2020-06-20 16:57:40,744 [DEBUG] Receiving messages for queue https://sqs.us-east-1.amazonaws.com/668920780829/48af3caa2628a77608f25133b5a026234031fa57792265e865e8986eb90e2079
2020-06-20 16:58:00,775 [DEBUG] Receiving messages for queue https://sqs.us-east-1.amazonaws.com/668920780829/48af3caa2628a77608f25133b5a026234031fa57792265e865e8986eb90e2079
2020-06-20 16:58:20,816 [DEBUG] Receiving messages for queue https://sqs.us-east-1.amazonaws.com/668920780829/48af3caa2628a77608f25133b5a026234031fa57792265e865e8986eb90e2079
2020-06-20 16:58:40,854 [DEBUG] Receiving messages for queue https://sqs.us-east-1.amazonaws.com/668920780829/48af3caa2628a77608f25133b5a026234031fa57792265e865e8986eb90e2079
2020-06-20 16:59:00,981 [DEBUG] Receiving messages for queue https://sqs.us-east-1.amazonaws.com/668920780829/48af3caa2628a77608f25133b5a026234031fa57792265e865e8986eb90e2079
2020-06-20 16:59:21,016 [DEBUG] Receiving messages for queue https://sqs.us-east-1.amazonaws.com/668920780829/48af3caa2628a77608f25133b5a026234031fa57792265e865e8986eb90e2079
2020-06-20 16:59:41,052 [DEBUG] Receiving messages for queue https://sqs.us-east-1.amazonaws.com/668920780829/48af3caa2628a77608f25133b5a026234031fa57792265e865e8986eb90e2079
2020-06-20 17:00:01,138 [DEBUG] Receiving messages for queue https://sqs.us-east-1.amazonaws.com/668920780829/48af3caa2628a77608f25133b5a026234031fa57792265e865e8986eb90e2079
2020-06-20 17:00:21,211 [INFO] command processing is alive.
2020-06-20 17:00:21,212 [DEBUG] Receiving messages for queue https://sqs.us-east-1.amazonaws.com/668920780829/48af3caa2628a77608f25133b5a026234031fa57792265e865e8986eb90e2079
2020-06-20 17:00:41,245 [DEBUG] Receiving messages for queue https://sqs.us-east-1.amazonaws.com/668920780829/48af3caa2628a77608f25133b5a026234031fa57792265e865e8986eb90e2079
2020-06-20 17:01:01,281 [DEBUG] Receiving messages for queue https://sqs.us-east-1.amazonaws.com/668920780829/48af3caa2628a77608f25133b5a026234031fa57792265e865e8986eb90e2079
2020-06-20 17:01:21,318 [DEBUG] Receiving messages for queue https://sqs.us-east-1.amazonaws.com/668920780829/48af3caa2628a77608f25133b5a026234031fa57792265e865e8986eb90e2079
2020-06-20 17:01:41,348 [DEBUG] Receiving messages for queue https://sqs.us-east-1.amazonaws.com/668920780829/48af3caa2628a77608f25133b5a026234031fa57792265e865e8986eb90e2079
2020-06-20 17:02:01,384 [DEBUG] Receiving messages for queue https://sqs.us-east-1.amazonaws.com/668920780829/48af3caa2628a77608f25133b5a026234031fa57792265e865e8986eb90e2079
2020-06-20 17:02:21,425 [DEBUG] Receiving messages for queue https://sqs.us-east-1.amazonaws.com/668920780829/48af3caa2628a77608f25133b5a026234031fa57792265e865e8986eb90e2079
2020-06-20 17:02:41,455 [DEBUG] Receiving messages for queue https://sqs.us-east-1.amazonaws.com/668920780829/48af3caa2628a77608f25133b5a026234031fa57792265e865e8986eb90e2079
2020-06-20 17:03:01,490 [DEBUG] Receiving messages for queue https://sqs.us-east-1.amazonaws.com/668920780829/48af3caa2628a77608f25133b5a026234031fa57792265e865e8986eb90e2079
2020-06-20 17:03:21,529 [DEBUG] Receiving messages for queue https://sqs.us-east-1.amazonaws.com/668920780829/48af3caa2628a77608f25133b5a026234031fa57792265e865e8986eb90e2079
2020-06-20 17:03:41,612 [DEBUG] Receiving messages for queue https://sqs.us-east-1.amazonaws.com/668920780829/48af3caa2628a77608f25133b5a026234031fa57792265e865e8986eb90e2079
2020-06-20 17:04:01,647 [DEBUG] Receiving messages for queue https://sqs.us-east-1.amazonaws.com/668920780829/48af3caa2628a77608f25133b5a026234031fa57792265e865e8986eb90e2079
2020-06-20 17:04:21,735 [DEBUG] Receiving messages for queue https://sqs.us-east-1.amazonaws.com/668920780829/48af3caa2628a77608f25133b5a026234031fa57792265e865e8986eb90e2079
2020-06-20 17:04:41,817 [DEBUG] Receiving messages for queue https://sqs.us-east-1.amazonaws.com/668920780829/48af3caa2628a77608f25133b5a026234031fa57792265e865e8986eb90e2079
2020-06-20 17:05:01,851 [DEBUG] Receiving messages for queue https://sqs.us-east-1.amazonaws.com/668920780829/48af3caa2628a77608f25133b5a026234031fa57792265e865e8986eb90e2079
2020-06-20 17:05:21,888 [INFO] command processing is alive.
2020-06-20 17:05:21,888 [DEBUG] Receiving messages for queue https://sqs.us-east-1.amazonaws.com/668920780829/48af3caa2628a77608f25133b5a026234031fa57792265e865e8986eb90e2079
2020-06-20 17:05:41,963 [DEBUG] Receiving messages for queue https://sqs.us-east-1.amazonaws.com/668920780829/48af3caa2628a77608f25133b5a026234031fa57792265e865e8986eb90e2079
2020-06-20 17:06:02,009 [DEBUG] Receiving messages for queue https://sqs.us-east-1.amazonaws.com/668920780829/48af3caa2628a77608f25133b5a026234031fa57792265e865e8986eb90e2079
2020-06-20 17:06:22,343 [DEBUG] Receiving messages for queue https://sqs.us-east-1.amazonaws.com/668920780829/48af3caa2628a77608f25133b5a026234031fa57792265e865e8986eb90e2079
2020-06-20 17:06:42,383 [DEBUG] Receiving messages for queue https://sqs.us-east-1.amazonaws.com/668920780829/48af3caa2628a77608f25133b5a026234031fa57792265e865e8986eb90e2079
2020-06-20 17:07:02,413 [DEBUG] Receiving messages for queue https://sqs.us-east-1.amazonaws.com/668920780829/48af3caa2628a77608f25133b5a026234031fa57792265e865e8986eb90e2079
2020-06-20 17:07:22,501 [DEBUG] Receiving messages for queue https://sqs.us-east-1.amazonaws.com/668920780829/48af3caa2628a77608f25133b5a026234031fa57792265e865e8986eb90e2079
2020-06-20 17:07:42,539 [DEBUG] Receiving messages for queue https://sqs.us-east-1.amazonaws.com/668920780829/48af3caa2628a77608f25133b5a026234031fa57792265e865e8986eb90e2079
2020-06-20 17:08:02,573 [DEBUG] Receiving messages for queue https://sqs.us-east-1.amazonaws.com/668920780829/48af3caa2628a77608f25133b5a026234031fa57792265e865e8986eb90e2079
2020-06-20 17:08:22,606 [DEBUG] Receiving messages for queue https://sqs.us-east-1.amazonaws.com/668920780829/48af3caa2628a77608f25133b5a026234031fa57792265e865e8986eb90e2079
2020-06-20 17:08:42,640 [DEBUG] Receiving messages for queue https://sqs.us-east-1.amazonaws.com/668920780829/48af3caa2628a77608f25133b5a026234031fa57792265e865e8986eb90e2079
2020-06-20 17:09:02,676 [DEBUG] Receiving messages for queue https://sqs.us-east-1.amazonaws.com/668920780829/48af3caa2628a77608f25133b5a026234031fa57792265e865e8986eb90e2079
2020-06-20 17:09:22,710 [DEBUG] Receiving messages for queue https://sqs.us-east-1.amazonaws.com/668920780829/48af3caa2628a77608f25133b5a026234031fa57792265e865e8986eb90e2079
2020-06-20 17:09:42,746 [DEBUG] Receiving messages for queue https://sqs.us-east-1.amazonaws.com/668920780829/48af3caa2628a77608f25133b5a026234031fa57792265e865e8986eb90e2079
2020-06-20 17:10:02,783 [DEBUG] Receiving messages for queue https://sqs.us-east-1.amazonaws.com/668920780829/48af3caa2628a77608f25133b5a026234031fa57792265e865e8986eb90e2079
2020-06-20 17:10:22,816 [INFO] command processing is alive.
2020-06-20 17:10:22,817 [DEBUG] Receiving messages for queue https://sqs.us-east-1.amazonaws.com/668920780829/48af3caa2628a77608f25133b5a026234031fa57792265e865e8986eb90e2079
2020-06-20 17:10:42,852 [DEBUG] Receiving messages for queue https://sqs.us-east-1.amazonaws.com/668920780829/48af3caa2628a77608f25133b5a026234031fa57792265e865e8986eb90e2079
2020-06-20 17:11:02,891 [DEBUG] Receiving messages for queue https://sqs.us-east-1.amazonaws.com/668920780829/48af3caa2628a77608f25133b5a026234031fa57792265e865e8986eb90e2079
2020-06-20 17:11:22,973 [DEBUG] Receiving messages for queue https://sqs.us-east-1.amazonaws.com/668920780829/48af3caa2628a77608f25133b5a026234031fa57792265e865e8986eb90e2079
2020-06-20 17:11:43,007 [DEBUG] Receiving messages for queue https://sqs.us-east-1.amazonaws.com/668920780829/48af3caa2628a77608f25133b5a026234031fa57792265e865e8986eb90e2079
2020-06-20 17:12:03,045 [DEBUG] Receiving messages for queue https://sqs.us-east-1.amazonaws.com/668920780829/48af3caa2628a77608f25133b5a026234031fa57792265e865e8986eb90e2079
2020-06-20 17:12:23,124 [DEBUG] Receiving messages for queue https://sqs.us-east-1.amazonaws.com/668920780829/48af3caa2628a77608f25133b5a026234031fa57792265e865e8986eb90e2079
2020-06-20 17:12:43,159 [DEBUG] Receiving messages for queue https://sqs.us-east-1.amazonaws.com/668920780829/48af3caa2628a77608f25133b5a026234031fa57792265e865e8986eb90e2079
2020-06-20 17:12:55,972 [DEBUG] Processing message: {'EventHandle': 'https://cfn-command-events-useast1.s3.us-east-1.amazonaws.com/821d7da4c94c91b9537bc9f7f01b78a6e01539baaa6de49235e32daea612fd65?X-Amz-Algorithm=AWS4-HMAC-SHA256&X-Amz-Date=20200620T171255Z&X-Amz-SignedHeaders=host&X-Amz-Expires=3719&X-Amz-Credential=AKIAI5VMU34ANEXDDPWQ%2F20200620%2Fus-east-1%2Fs3%2Faws4_request&X-Amz-Signature=8a3c0d8bb8de0ab36889d3f8cbf3bc88ab25001b2cbb01eefc55b52a90c2f79c', 'DispatcherId': 'arn:aws:cloudformation:us-east-1:719690574295:dispatcher/awseb-e-gd8mdnwbh7-stack/6af998bf-f564-403e-8c0e-6a95f06dbff2', 'CommandName': 'ElasticBeanstalkCommand-AWSEBAutoScalingGroup', 'Expiration': 1592673295817, 'ResultQueue': 'https://sqs.us-east-1.amazonaws.com/668920780829/results', 'Data': 'https://elasticbeanstalk-us-east-1.s3.amazonaws.com/data/environments/b6cf5085-c55a-430d-8fc6-470f3f09a684/d962e111-beb3-4db7-9db0-0b28eb831cef?X-Amz-Algorithm=AWS4-HMAC-SHA256&X-Amz-Date=20200620T171255Z&X-Amz-SignedHeaders=host&X-Amz-Expires=300&X-Amz-Credential=AKIAJOBAZGDDMSAZSDSQ%2F20200620%2Fus-east-1%2Fs3%2Faws4_request&X-Amz-Signature=7c38c67c159417fecab39a7daaf3df624edf289dac1a76448579354a5378cf5b', 'InvocationId': 'f8d8de09-1e42-4d64-9721-b90f67f95832'}
2020-06-20 17:12:55,972 [DEBUG] Command message: {'EventHandle': 'https://cfn-command-events-useast1.s3.us-east-1.amazonaws.com/821d7da4c94c91b9537bc9f7f01b78a6e01539baaa6de49235e32daea612fd65?X-Amz-Algorithm=AWS4-HMAC-SHA256&X-Amz-Date=20200620T171255Z&X-Amz-SignedHeaders=host&X-Amz-Expires=3719&X-Amz-Credential=AKIAI5VMU34ANEXDDPWQ%2F20200620%2Fus-east-1%2Fs3%2Faws4_request&X-Amz-Signature=8a3c0d8bb8de0ab36889d3f8cbf3bc88ab25001b2cbb01eefc55b52a90c2f79c', 'DispatcherId': 'arn:aws:cloudformation:us-east-1:719690574295:dispatcher/awseb-e-gd8mdnwbh7-stack/6af998bf-f564-403e-8c0e-6a95f06dbff2', 'CommandName': 'ElasticBeanstalkCommand-AWSEBAutoScalingGroup', 'Expiration': 1592673295817, 'ResultQueue': 'https://sqs.us-east-1.amazonaws.com/668920780829/results', 'Data': 'https://elasticbeanstalk-us-east-1.s3.amazonaws.com/data/environments/b6cf5085-c55a-430d-8fc6-470f3f09a684/d962e111-beb3-4db7-9db0-0b28eb831cef?X-Amz-Algorithm=AWS4-HMAC-SHA256&X-Amz-Date=20200620T171255Z&X-Amz-SignedHeaders=host&X-Amz-Expires=300&X-Amz-Credential=AKIAJOBAZGDDMSAZSDSQ%2F20200620%2Fus-east-1%2Fs3%2Faws4_request&X-Amz-Signature=7c38c67c159417fecab39a7daaf3df624edf289dac1a76448579354a5378cf5b', 'InvocationId': 'f8d8de09-1e42-4d64-9721-b90f67f95832'}
2020-06-20 17:12:55,972 [INFO] Received command ElasticBeanstalkCommand-AWSEBAutoScalingGroup (invocation id: f8d8de09-1e42-4d64-9721-b90f67f95832)
2020-06-20 17:12:55,972 [INFO] Running action for aws-eb-command-handler
2020-06-20 17:12:55,973 [DEBUG] Action environment: {'LANG': 'en_US.UTF-8', 'TERM': 'linux', 'LISTENER_ID': u'i-0c873ea98464cc837', 'RESULT_SECRET_KEY': u'YONdTfFJnw7C/op8fW32I2L+lOYb2DBQmji9jgc1', 'SHLVL': '1', 'RESULT_ACCESS_KEY': u'ASIAZXPWJDAOU2TCXMGZ', 'STACK_NAME': 'arn:aws:cloudformation:us-east-1:719690574295:stack/awseb-e-gd8mdnwbh7-stack/54b8d770-b310-11ea-8f04-0af60b3b604b', 'RESULT_SESSION_TOKEN': u'IQoJb3JpZ2luX2VjEKn//////////wEaCXVzLWVhc3QtMSJHMEUCIQDafSGDzU1RR0o+reqfY7lGuuOqwDM72Wy7C/FRQLX6eQIgArHScc1iExCXJwCzP6uPJvgYnSEoXtwTfZntF9X5mSAqjgMIMRAAGgw2Njg5MjA3ODA4MjkiDM4+C4L89PHM8hgrxirrApwRXBxBUTzJSoDjNyhtVMglXQ66eT4SHKuMX9rhxa40m+gN4zGJXfuAIpuanQ+097NsY8LvffU1C7lq5ai4MKinoikCIj8Z6nAUnRsaJ2Yiv7LLl4Gin0JsG3livdZdClCIv9sE3vFopWbhPVamdRyAKer5Oi/Mbk1mCNtjG/R0yMkfyWJ4M188IM5URyqzXCiC2gmX/xlTNnIi2HNY0A8vMAUY8869JVxG8Kah+j21JouGIJ93f7q2BhRHYWkKU1LA2RLTRIucxO6VyikcYTiyI3KfUjDlZTM0U5ZM7ckgyWFrmitHrlbV+o30slxuqFNoL70SKYRKjrVOazb0MH9nf2A4o8CXyWKsBNN3pJx6+MrUF9NGouHvSTK1DOw/yZ42r4nhbbGue70gRfZAiB+p3fvLXszLhkAViVIT63nu7yr+qayoGQ2hXStW4za/W7p7u4ESxtt54IclaIw23YUI1vdjrgQ0CCmGsDDb6bj3BTrfAV6mFkXTG7+Mg7W5wMNUTn4xc6anwD48DWbohcqf1/I5LsdqUkeuotMv2xOfw3a1OXSmnK6Yft4V98JyHFZAVB7kUtfY98BoQwtvG3wE+qP2utmY+YzD9ZIv8Tk2vEDMKSu+YOysiO7xqtwpOOKBTkJH0gxcY3q5hXVGzgnDp0uxCiJwjUae2fj5XKhIeurs8+5ejBcjFC5kaQHERQGMtyXw84L5n7upTjuj+hde7UhVzQmll3tWnR+EfPHbapG4lHZw/q1WE+m0WTSVyQLi0KNVojxg3OgpnVjbRm9Es3E=', 'UPSTART_JOB': 'cfn-hup', 'CMD_DATA': 'https://elasticbeanstalk-us-east-1.s3.amazonaws.com/data/environments/b6cf5085-c55a-430d-8fc6-470f3f09a684/d962e111-beb3-4db7-9db0-0b28eb831cef?X-Amz-Algorithm=AWS4-HMAC-SHA256&X-Amz-Date=20200620T171255Z&X-Amz-SignedHeaders=host&X-Amz-Expires=300&X-Amz-Credential=AKIAJOBAZGDDMSAZSDSQ%2F20200620%2Fus-east-1%2Fs3%2Faws4_request&X-Amz-Signature=7c38c67c159417fecab39a7daaf3df624edf289dac1a76448579354a5378cf5b', 'UPSTART_INSTANCE': '', 'PWD': '/', 'PATH': '/usr/local/sbin:/usr/local/bin:/usr/bin:/usr/sbin:/sbin:/bin', 'CMD_NAME': 'ElasticBeanstalkCommand-AWSEBAutoScalingGroup', 'RESULT_QUEUE': 'https://sqs.us-east-1.amazonaws.com/668920780829/results', 'DISPATCHER_ID': 'arn:aws:cloudformation:us-east-1:719690574295:dispatcher/awseb-e-gd8mdnwbh7-stack/6af998bf-f564-403e-8c0e-6a95f06dbff2', 'EVENT_HANDLE': 'https://cfn-command-events-useast1.s3.us-east-1.amazonaws.com/821d7da4c94c91b9537bc9f7f01b78a6e01539baaa6de49235e32daea612fd65?X-Amz-Algorithm=AWS4-HMAC-SHA256&X-Amz-Date=20200620T171255Z&X-Amz-SignedHeaders=host&X-Amz-Expires=3719&X-Amz-Credential=AKIAI5VMU34ANEXDDPWQ%2F20200620%2Fus-east-1%2Fs3%2Faws4_request&X-Amz-Signature=8a3c0d8bb8de0ab36889d3f8cbf3bc88ab25001b2cbb01eefc55b52a90c2f79c', '_': '/opt/aws/bin/cfn-hup', 'INVOCATION_ID': 'f8d8de09-1e42-4d64-9721-b90f67f95832'}
2020-06-20 17:13:07,317 [DEBUG] Action for aws-eb-command-handler output: {"status":"SUCCESS","api_version":"1.0","results":[{"status":"SUCCESS","msg":"","returncode":0,"events":[]}]}
2020-06-20 17:13:07,317 [INFO] Action for aws-eb-command-handler succeeded, returning SUCCESS
2020-06-20 17:13:07,318 [DEBUG] Sending {"Status": "SUCCESS", "DispatcherId": "arn:aws:cloudformation:us-east-1:719690574295:dispatcher/awseb-e-gd8mdnwbh7-stack/6af998bf-f564-403e-8c0e-6a95f06dbff2", "ListenerId": "i-0c873ea98464cc837", "CommandName": "ElasticBeanstalkCommand-AWSEBAutoScalingGroup", "InvocationId": "f8d8de09-1e42-4d64-9721-b90f67f95832", "Data": "{\"status\":\"SUCCESS\",\"api_version\":\"1.0\",\"results\":[{\"status\":\"SUCCESS\",\"msg\":\"\",\"returncode\":0,\"events\":[]}]}"} to queue https://sqs.us-east-1.amazonaws.com/668920780829/results
2020-06-20 17:13:07,491 [DEBUG] Deleting AQEBhpFD698kTm9ZBdqgD/sfvnLrTeT+i7MdQBkmL9Kw4XARvNZnKgzab3mrZOPHUDt7B7SeNz62ICoP8/zEAI+fnyhShbrJYugg76GabPJ0zGAZReHwU4cWU7+GgWWLFBWZsmfJAemgnYrhkywrZiu+UUiJJyWeUrFenbVAjgGi0wKs1gMErgz/M8sQzCfQhEtoOQzXRi7kGsck40cyhr64tEVna2d+oIbDflP2G8lnLkD55GnaBsNLGh5xCa6YRxQRCvHlYsS4pZjIucXxPP4Fho+5wt20bauuUJAtI9wJ3zMGkbKgHZ4sH8NoIYCe76qeHmhCNa3MAWwLNv8jwda05ywBnmw2LBdSHhIotAitWHgh1RsuDKNhpUPT/r7NEcMQNVxIsxqewz8yCnk241csk1dcAZbTKb0wnfnjoIrboJdpREPzN09TWHITUlQ0p1gUGRlfzsSel/mjNJMmtQdyoA== from queue https://sqs.us-east-1.amazonaws.com/668920780829/48af3caa2628a77608f25133b5a026234031fa57792265e865e8986eb90e2079
2020-06-20 17:13:07,623 [DEBUG] Receiving messages for queue https://sqs.us-east-1.amazonaws.com/668920780829/48af3caa2628a77608f25133b5a026234031fa57792265e865e8986eb90e2079
2020-06-20 17:13:27,712 [DEBUG] Receiving messages for queue https://sqs.us-east-1.amazonaws.com/668920780829/48af3caa2628a77608f25133b5a026234031fa57792265e865e8986eb90e2079
2020-06-20 17:13:47,791 [DEBUG] Receiving messages for queue https://sqs.us-east-1.amazonaws.com/668920780829/48af3caa2628a77608f25133b5a026234031fa57792265e865e8986eb90e2079
2020-06-20 17:14:07,833 [DEBUG] Receiving messages for queue https://sqs.us-east-1.amazonaws.com/668920780829/48af3caa2628a77608f25133b5a026234031fa57792265e865e8986eb90e2079
2020-06-20 17:14:27,871 [DEBUG] Receiving messages for queue https://sqs.us-east-1.amazonaws.com/668920780829/48af3caa2628a77608f25133b5a026234031fa57792265e865e8986eb90e2079
2020-06-20 17:14:47,953 [DEBUG] Receiving messages for queue https://sqs.us-east-1.amazonaws.com/668920780829/48af3caa2628a77608f25133b5a026234031fa57792265e865e8986eb90e2079
2020-06-20 17:15:07,998 [DEBUG] Receiving messages for queue https://sqs.us-east-1.amazonaws.com/668920780829/48af3caa2628a77608f25133b5a026234031fa57792265e865e8986eb90e2079
2020-06-20 17:15:28,134 [INFO] command processing is alive.
2020-06-20 17:15:28,135 [DEBUG] Receiving messages for queue https://sqs.us-east-1.amazonaws.com/668920780829/48af3caa2628a77608f25133b5a026234031fa57792265e865e8986eb90e2079
2020-06-20 17:15:48,165 [DEBUG] Receiving messages for queue https://sqs.us-east-1.amazonaws.com/668920780829/48af3caa2628a77608f25133b5a026234031fa57792265e865e8986eb90e2079
2020-06-20 17:16:08,199 [DEBUG] Receiving messages for queue https://sqs.us-east-1.amazonaws.com/668920780829/48af3caa2628a77608f25133b5a026234031fa57792265e865e8986eb90e2079
2020-06-20 17:16:28,234 [DEBUG] Receiving messages for queue https://sqs.us-east-1.amazonaws.com/668920780829/48af3caa2628a77608f25133b5a026234031fa57792265e865e8986eb90e2079
2020-06-20 17:16:48,310 [DEBUG] Receiving messages for queue https://sqs.us-east-1.amazonaws.com/668920780829/48af3caa2628a77608f25133b5a026234031fa57792265e865e8986eb90e2079
2020-06-20 17:17:08,342 [DEBUG] Receiving messages for queue https://sqs.us-east-1.amazonaws.com/668920780829/48af3caa2628a77608f25133b5a026234031fa57792265e865e8986eb90e2079
2020-06-20 17:17:28,377 [DEBUG] Receiving messages for queue https://sqs.us-east-1.amazonaws.com/668920780829/48af3caa2628a77608f25133b5a026234031fa57792265e865e8986eb90e2079
2020-06-20 17:17:48,414 [DEBUG] Receiving messages for queue https://sqs.us-east-1.amazonaws.com/668920780829/48af3caa2628a77608f25133b5a026234031fa57792265e865e8986eb90e2079
2020-06-20 17:18:08,542 [DEBUG] Receiving messages for queue https://sqs.us-east-1.amazonaws.com/668920780829/48af3caa2628a77608f25133b5a026234031fa57792265e865e8986eb90e2079
2020-06-20 17:18:28,574 [DEBUG] Receiving messages for queue https://sqs.us-east-1.amazonaws.com/668920780829/48af3caa2628a77608f25133b5a026234031fa57792265e865e8986eb90e2079
2020-06-20 17:18:48,610 [DEBUG] Receiving messages for queue https://sqs.us-east-1.amazonaws.com/668920780829/48af3caa2628a77608f25133b5a026234031fa57792265e865e8986eb90e2079
2020-06-20 17:19:08,651 [DEBUG] Receiving messages for queue https://sqs.us-east-1.amazonaws.com/668920780829/48af3caa2628a77608f25133b5a026234031fa57792265e865e8986eb90e2079
2020-06-20 17:19:28,687 [DEBUG] Receiving messages for queue https://sqs.us-east-1.amazonaws.com/668920780829/48af3caa2628a77608f25133b5a026234031fa57792265e865e8986eb90e2079
2020-06-20 17:19:48,722 [DEBUG] Receiving messages for queue https://sqs.us-east-1.amazonaws.com/668920780829/48af3caa2628a77608f25133b5a026234031fa57792265e865e8986eb90e2079
2020-06-20 17:20:08,765 [DEBUG] Receiving messages for queue https://sqs.us-east-1.amazonaws.com/668920780829/48af3caa2628a77608f25133b5a026234031fa57792265e865e8986eb90e2079
2020-06-20 17:20:28,845 [INFO] command processing is alive.
2020-06-20 17:20:28,846 [DEBUG] Receiving messages for queue https://sqs.us-east-1.amazonaws.com/668920780829/48af3caa2628a77608f25133b5a026234031fa57792265e865e8986eb90e2079
2020-06-20 17:20:48,880 [DEBUG] Receiving messages for queue https://sqs.us-east-1.amazonaws.com/668920780829/48af3caa2628a77608f25133b5a026234031fa57792265e865e8986eb90e2079
2020-06-20 17:21:08,919 [DEBUG] Receiving messages for queue https://sqs.us-east-1.amazonaws.com/668920780829/48af3caa2628a77608f25133b5a026234031fa57792265e865e8986eb90e2079
2020-06-20 17:21:28,995 [DEBUG] Receiving messages for queue https://sqs.us-east-1.amazonaws.com/668920780829/48af3caa2628a77608f25133b5a026234031fa57792265e865e8986eb90e2079
2020-06-20 17:21:46,566 [DEBUG] Processing message: {'EventHandle': 'https://cfn-command-events-useast1.s3.us-east-1.amazonaws.com/989d7ab70c1dcb913c55adbc2f6674d473dbf46e1d21e243d1d68bd17312f37e?X-Amz-Algorithm=AWS4-HMAC-SHA256&X-Amz-Date=20200620T172146Z&X-Amz-SignedHeaders=host&X-Amz-Expires=3719&X-Amz-Credential=AKIAI5VMU34ANEXDDPWQ%2F20200620%2Fus-east-1%2Fs3%2Faws4_request&X-Amz-Signature=8cca27d83b73b45df71a270882e9a2ebf05bb436541077510975de56ad053b74', 'DispatcherId': 'arn:aws:cloudformation:us-east-1:719690574295:dispatcher/awseb-e-gd8mdnwbh7-stack/6af998bf-f564-403e-8c0e-6a95f06dbff2', 'CommandName': 'ElasticBeanstalkCommand-AWSEBAutoScalingGroup', 'Expiration': 1592673826250, 'ResultQueue': 'https://sqs.us-east-1.amazonaws.com/668920780829/results', 'Data': 'https://elasticbeanstalk-us-east-1.s3.amazonaws.com/data/environments/b6cf5085-c55a-430d-8fc6-470f3f09a684/2d67872f-9ca0-412d-ba2d-7d61481ffa59?X-Amz-Algorithm=AWS4-HMAC-SHA256&X-Amz-Date=20200620T172146Z&X-Amz-SignedHeaders=host&X-Amz-Expires=300&X-Amz-Credential=AKIAJOBAZGDDMSAZSDSQ%2F20200620%2Fus-east-1%2Fs3%2Faws4_request&X-Amz-Signature=01a8ea667c00818e24d7bbedb8415c3457da6ab38952602ff31c446af299a3ff', 'InvocationId': '90390a5f-5cb0-405a-883b-023b951fae12'}
2020-06-20 17:21:46,566 [DEBUG] Command message: {'EventHandle': 'https://cfn-command-events-useast1.s3.us-east-1.amazonaws.com/989d7ab70c1dcb913c55adbc2f6674d473dbf46e1d21e243d1d68bd17312f37e?X-Amz-Algorithm=AWS4-HMAC-SHA256&X-Amz-Date=20200620T172146Z&X-Amz-SignedHeaders=host&X-Amz-Expires=3719&X-Amz-Credential=AKIAI5VMU34ANEXDDPWQ%2F20200620%2Fus-east-1%2Fs3%2Faws4_request&X-Amz-Signature=8cca27d83b73b45df71a270882e9a2ebf05bb436541077510975de56ad053b74', 'DispatcherId': 'arn:aws:cloudformation:us-east-1:719690574295:dispatcher/awseb-e-gd8mdnwbh7-stack/6af998bf-f564-403e-8c0e-6a95f06dbff2', 'CommandName': 'ElasticBeanstalkCommand-AWSEBAutoScalingGroup', 'Expiration': 1592673826250, 'ResultQueue': 'https://sqs.us-east-1.amazonaws.com/668920780829/results', 'Data': 'https://elasticbeanstalk-us-east-1.s3.amazonaws.com/data/environments/b6cf5085-c55a-430d-8fc6-470f3f09a684/2d67872f-9ca0-412d-ba2d-7d61481ffa59?X-Amz-Algorithm=AWS4-HMAC-SHA256&X-Amz-Date=20200620T172146Z&X-Amz-SignedHeaders=host&X-Amz-Expires=300&X-Amz-Credential=AKIAJOBAZGDDMSAZSDSQ%2F20200620%2Fus-east-1%2Fs3%2Faws4_request&X-Amz-Signature=01a8ea667c00818e24d7bbedb8415c3457da6ab38952602ff31c446af299a3ff', 'InvocationId': '90390a5f-5cb0-405a-883b-023b951fae12'}
2020-06-20 17:21:46,567 [INFO] Received command ElasticBeanstalkCommand-AWSEBAutoScalingGroup (invocation id: 90390a5f-5cb0-405a-883b-023b951fae12)
2020-06-20 17:21:46,567 [INFO] Running action for aws-eb-command-handler
2020-06-20 17:21:46,567 [DEBUG] Action environment: {'LANG': 'en_US.UTF-8', 'TERM': 'linux', 'LISTENER_ID': u'i-0c873ea98464cc837', 'RESULT_SECRET_KEY': u'YONdTfFJnw7C/op8fW32I2L+lOYb2DBQmji9jgc1', 'SHLVL': '1', 'RESULT_ACCESS_KEY': u'ASIAZXPWJDAOU2TCXMGZ', 'STACK_NAME': 'arn:aws:cloudformation:us-east-1:719690574295:stack/awseb-e-gd8mdnwbh7-stack/54b8d770-b310-11ea-8f04-0af60b3b604b', 'RESULT_SESSION_TOKEN': u'IQoJb3JpZ2luX2VjEKn//////////wEaCXVzLWVhc3QtMSJHMEUCIQDafSGDzU1RR0o+reqfY7lGuuOqwDM72Wy7C/FRQLX6eQIgArHScc1iExCXJwCzP6uPJvgYnSEoXtwTfZntF9X5mSAqjgMIMRAAGgw2Njg5MjA3ODA4MjkiDM4+C4L89PHM8hgrxirrApwRXBxBUTzJSoDjNyhtVMglXQ66eT4SHKuMX9rhxa40m+gN4zGJXfuAIpuanQ+097NsY8LvffU1C7lq5ai4MKinoikCIj8Z6nAUnRsaJ2Yiv7LLl4Gin0JsG3livdZdClCIv9sE3vFopWbhPVamdRyAKer5Oi/Mbk1mCNtjG/R0yMkfyWJ4M188IM5URyqzXCiC2gmX/xlTNnIi2HNY0A8vMAUY8869JVxG8Kah+j21JouGIJ93f7q2BhRHYWkKU1LA2RLTRIucxO6VyikcYTiyI3KfUjDlZTM0U5ZM7ckgyWFrmitHrlbV+o30slxuqFNoL70SKYRKjrVOazb0MH9nf2A4o8CXyWKsBNN3pJx6+MrUF9NGouHvSTK1DOw/yZ42r4nhbbGue70gRfZAiB+p3fvLXszLhkAViVIT63nu7yr+qayoGQ2hXStW4za/W7p7u4ESxtt54IclaIw23YUI1vdjrgQ0CCmGsDDb6bj3BTrfAV6mFkXTG7+Mg7W5wMNUTn4xc6anwD48DWbohcqf1/I5LsdqUkeuotMv2xOfw3a1OXSmnK6Yft4V98JyHFZAVB7kUtfY98BoQwtvG3wE+qP2utmY+YzD9ZIv8Tk2vEDMKSu+YOysiO7xqtwpOOKBTkJH0gxcY3q5hXVGzgnDp0uxCiJwjUae2fj5XKhIeurs8+5ejBcjFC5kaQHERQGMtyXw84L5n7upTjuj+hde7UhVzQmll3tWnR+EfPHbapG4lHZw/q1WE+m0WTSVyQLi0KNVojxg3OgpnVjbRm9Es3E=', 'UPSTART_JOB': 'cfn-hup', 'CMD_DATA': 'https://elasticbeanstalk-us-east-1.s3.amazonaws.com/data/environments/b6cf5085-c55a-430d-8fc6-470f3f09a684/2d67872f-9ca0-412d-ba2d-7d61481ffa59?X-Amz-Algorithm=AWS4-HMAC-SHA256&X-Amz-Date=20200620T172146Z&X-Amz-SignedHeaders=host&X-Amz-Expires=300&X-Amz-Credential=AKIAJOBAZGDDMSAZSDSQ%2F20200620%2Fus-east-1%2Fs3%2Faws4_request&X-Amz-Signature=01a8ea667c00818e24d7bbedb8415c3457da6ab38952602ff31c446af299a3ff', 'UPSTART_INSTANCE': '', 'PWD': '/', 'PATH': '/usr/local/sbin:/usr/local/bin:/usr/bin:/usr/sbin:/sbin:/bin', 'CMD_NAME': 'ElasticBeanstalkCommand-AWSEBAutoScalingGroup', 'RESULT_QUEUE': 'https://sqs.us-east-1.amazonaws.com/668920780829/results', 'DISPATCHER_ID': 'arn:aws:cloudformation:us-east-1:719690574295:dispatcher/awseb-e-gd8mdnwbh7-stack/6af998bf-f564-403e-8c0e-6a95f06dbff2', 'EVENT_HANDLE': 'https://cfn-command-events-useast1.s3.us-east-1.amazonaws.com/989d7ab70c1dcb913c55adbc2f6674d473dbf46e1d21e243d1d68bd17312f37e?X-Amz-Algorithm=AWS4-HMAC-SHA256&X-Amz-Date=20200620T172146Z&X-Amz-SignedHeaders=host&X-Amz-Expires=3719&X-Amz-Credential=AKIAI5VMU34ANEXDDPWQ%2F20200620%2Fus-east-1%2Fs3%2Faws4_request&X-Amz-Signature=8cca27d83b73b45df71a270882e9a2ebf05bb436541077510975de56ad053b74', '_': '/opt/aws/bin/cfn-hup', 'INVOCATION_ID': '90390a5f-5cb0-405a-883b-023b951fae12'}
2020-06-20 17:21:47,342 [DEBUG] Action for aws-eb-command-handler output: {"status":"SUCCESS","api_version":"1.0","results":[{"status":"SUCCESS","msg":"","returncode":0,"events":[{"msg":"[Instance: i-0c873ea98464cc837] Successfully finished tailing 6 log(s)","severity":"INFO","timestamp":1592673707332}]}]}
2020-06-20 17:21:47,343 [INFO] Action for aws-eb-command-handler succeeded, returning SUCCESS
2020-06-20 17:21:47,343 [DEBUG] Sending {"Status": "SUCCESS", "DispatcherId": "arn:aws:cloudformation:us-east-1:719690574295:dispatcher/awseb-e-gd8mdnwbh7-stack/6af998bf-f564-403e-8c0e-6a95f06dbff2", "ListenerId": "i-0c873ea98464cc837", "CommandName": "ElasticBeanstalkCommand-AWSEBAutoScalingGroup", "InvocationId": "90390a5f-5cb0-405a-883b-023b951fae12", "Data": "{\"status\":\"SUCCESS\",\"api_version\":\"1.0\",\"results\":[{\"status\":\"SUCCESS\",\"msg\":\"\",\"returncode\":0,\"events\":[{\"msg\":\"[Instance: i-0c873ea98464cc837] Successfully finished tailing 6 log(s)\",\"severity\":\"INFO\",\"timestamp\":1592673707332}]}]}"} to queue https://sqs.us-east-1.amazonaws.com/668920780829/results
2020-06-20 17:21:47,408 [DEBUG] Deleting AQEBLjgvXG7IohgFIpX5FvLfWY72Ztu2pm74iG/xxZwAGcylxd6dNmzRsVBM1Gdngk7W8XIf+jySPiT7Jt4N8KsPTx3Gb7vfjz50NDMi/1SY+7cCMAKcZUBxu3qm/Bfrb6aipMOwsJ52E828ZRUMm2T0c33H4oeg+YGTOI3TWs5NumkZyDsukuz0jxljvWSdxnhRpbZeweL2hrZpFqQkIrVjunerz7/lXdS9YB1uK8x11xqBPlcfirsoNIlDUlv7eYaG1kfSBhMh0zboc1MQQ/R/6GnBPNsJvKiPE5ImyA5/mgR/UENWRJ+99K1P8qShFr97FPdSTraLdWfCycBUTnJtkzIu/xg2qyIuoxBXHS3W5FbzG6/aRXuZ/+mJM0+Jw16IHaRFsMLdZHKOpR2ZidTY3rPMaN4NbCOZ/M9rHpzCV9eo0DJU5LAypFWIUh93zV9dXBdWgC+Uobka+8cG6WHsnA== from queue https://sqs.us-east-1.amazonaws.com/668920780829/48af3caa2628a77608f25133b5a026234031fa57792265e865e8986eb90e2079
2020-06-20 17:21:47,472 [DEBUG] Receiving messages for queue https://sqs.us-east-1.amazonaws.com/668920780829/48af3caa2628a77608f25133b5a026234031fa57792265e865e8986eb90e2079
2020-06-20 17:22:07,504 [DEBUG] Receiving messages for queue https://sqs.us-east-1.amazonaws.com/668920780829/48af3caa2628a77608f25133b5a026234031fa57792265e865e8986eb90e2079
2020-06-20 17:22:20,717 [DEBUG] Processing message: {'EventHandle': 'https://cfn-command-events-useast1.s3.us-east-1.amazonaws.com/28af40c4bc9e4e2afddc632764242babdc729826b0d486b94c72f9ba1c932e24?X-Amz-Algorithm=AWS4-HMAC-SHA256&X-Amz-Date=20200620T172220Z&X-Amz-SignedHeaders=host&X-Amz-Expires=3719&X-Amz-Credential=AKIAI5VMU34ANEXDDPWQ%2F20200620%2Fus-east-1%2Fs3%2Faws4_request&X-Amz-Signature=8d2c74feba2680d6c3cc44ffb3c48245d20c5a43c9c75868eef71e7be40c184b', 'DispatcherId': 'arn:aws:cloudformation:us-east-1:719690574295:dispatcher/awseb-e-gd8mdnwbh7-stack/6af998bf-f564-403e-8c0e-6a95f06dbff2', 'CommandName': 'ElasticBeanstalkCommand-AWSEBAutoScalingGroup', 'Expiration': 1592673860576, 'ResultQueue': 'https://sqs.us-east-1.amazonaws.com/668920780829/results', 'Data': 'https://elasticbeanstalk-us-east-1.s3.amazonaws.com/data/environments/b6cf5085-c55a-430d-8fc6-470f3f09a684/7d2c72d0-a384-4bec-908f-c8cca0b39698?X-Amz-Algorithm=AWS4-HMAC-SHA256&X-Amz-Date=20200620T172220Z&X-Amz-SignedHeaders=host&X-Amz-Expires=300&X-Amz-Credential=AKIAJOBAZGDDMSAZSDSQ%2F20200620%2Fus-east-1%2Fs3%2Faws4_request&X-Amz-Signature=8dc7a93cf16ead13eb14a911efef85f407d5f452b6279e0cc4f8448936356ce7', 'InvocationId': 'c8f2da5f-f79e-491b-9eaa-29d2265f2ab6'}
2020-06-20 17:22:20,717 [DEBUG] Command message: {'EventHandle': 'https://cfn-command-events-useast1.s3.us-east-1.amazonaws.com/28af40c4bc9e4e2afddc632764242babdc729826b0d486b94c72f9ba1c932e24?X-Amz-Algorithm=AWS4-HMAC-SHA256&X-Amz-Date=20200620T172220Z&X-Amz-SignedHeaders=host&X-Amz-Expires=3719&X-Amz-Credential=AKIAI5VMU34ANEXDDPWQ%2F20200620%2Fus-east-1%2Fs3%2Faws4_request&X-Amz-Signature=8d2c74feba2680d6c3cc44ffb3c48245d20c5a43c9c75868eef71e7be40c184b', 'DispatcherId': 'arn:aws:cloudformation:us-east-1:719690574295:dispatcher/awseb-e-gd8mdnwbh7-stack/6af998bf-f564-403e-8c0e-6a95f06dbff2', 'CommandName': 'ElasticBeanstalkCommand-AWSEBAutoScalingGroup', 'Expiration': 1592673860576, 'ResultQueue': 'https://sqs.us-east-1.amazonaws.com/668920780829/results', 'Data': 'https://elasticbeanstalk-us-east-1.s3.amazonaws.com/data/environments/b6cf5085-c55a-430d-8fc6-470f3f09a684/7d2c72d0-a384-4bec-908f-c8cca0b39698?X-Amz-Algorithm=AWS4-HMAC-SHA256&X-Amz-Date=20200620T172220Z&X-Amz-SignedHeaders=host&X-Amz-Expires=300&X-Amz-Credential=AKIAJOBAZGDDMSAZSDSQ%2F20200620%2Fus-east-1%2Fs3%2Faws4_request&X-Amz-Signature=8dc7a93cf16ead13eb14a911efef85f407d5f452b6279e0cc4f8448936356ce7', 'InvocationId': 'c8f2da5f-f79e-491b-9eaa-29d2265f2ab6'}
2020-06-20 17:22:20,717 [INFO] Received command ElasticBeanstalkCommand-AWSEBAutoScalingGroup (invocation id: c8f2da5f-f79e-491b-9eaa-29d2265f2ab6)
2020-06-20 17:22:20,718 [INFO] Running action for aws-eb-command-handler
2020-06-20 17:22:20,718 [DEBUG] Action environment: {'LANG': 'en_US.UTF-8', 'TERM': 'linux', 'LISTENER_ID': u'i-0c873ea98464cc837', 'RESULT_SECRET_KEY': u'YONdTfFJnw7C/op8fW32I2L+lOYb2DBQmji9jgc1', 'SHLVL': '1', 'RESULT_ACCESS_KEY': u'ASIAZXPWJDAOU2TCXMGZ', 'STACK_NAME': 'arn:aws:cloudformation:us-east-1:719690574295:stack/awseb-e-gd8mdnwbh7-stack/54b8d770-b310-11ea-8f04-0af60b3b604b', 'RESULT_SESSION_TOKEN': u'IQoJb3JpZ2luX2VjEKn//////////wEaCXVzLWVhc3QtMSJHMEUCIQDafSGDzU1RR0o+reqfY7lGuuOqwDM72Wy7C/FRQLX6eQIgArHScc1iExCXJwCzP6uPJvgYnSEoXtwTfZntF9X5mSAqjgMIMRAAGgw2Njg5MjA3ODA4MjkiDM4+C4L89PHM8hgrxirrApwRXBxBUTzJSoDjNyhtVMglXQ66eT4SHKuMX9rhxa40m+gN4zGJXfuAIpuanQ+097NsY8LvffU1C7lq5ai4MKinoikCIj8Z6nAUnRsaJ2Yiv7LLl4Gin0JsG3livdZdClCIv9sE3vFopWbhPVamdRyAKer5Oi/Mbk1mCNtjG/R0yMkfyWJ4M188IM5URyqzXCiC2gmX/xlTNnIi2HNY0A8vMAUY8869JVxG8Kah+j21JouGIJ93f7q2BhRHYWkKU1LA2RLTRIucxO6VyikcYTiyI3KfUjDlZTM0U5ZM7ckgyWFrmitHrlbV+o30slxuqFNoL70SKYRKjrVOazb0MH9nf2A4o8CXyWKsBNN3pJx6+MrUF9NGouHvSTK1DOw/yZ42r4nhbbGue70gRfZAiB+p3fvLXszLhkAViVIT63nu7yr+qayoGQ2hXStW4za/W7p7u4ESxtt54IclaIw23YUI1vdjrgQ0CCmGsDDb6bj3BTrfAV6mFkXTG7+Mg7W5wMNUTn4xc6anwD48DWbohcqf1/I5LsdqUkeuotMv2xOfw3a1OXSmnK6Yft4V98JyHFZAVB7kUtfY98BoQwtvG3wE+qP2utmY+YzD9ZIv8Tk2vEDMKSu+YOysiO7xqtwpOOKBTkJH0gxcY3q5hXVGzgnDp0uxCiJwjUae2fj5XKhIeurs8+5ejBcjFC5kaQHERQGMtyXw84L5n7upTjuj+hde7UhVzQmll3tWnR+EfPHbapG4lHZw/q1WE+m0WTSVyQLi0KNVojxg3OgpnVjbRm9Es3E=', 'UPSTART_JOB': 'cfn-hup', 'CMD_DATA': 'https://elasticbeanstalk-us-east-1.s3.amazonaws.com/data/environments/b6cf5085-c55a-430d-8fc6-470f3f09a684/7d2c72d0-a384-4bec-908f-c8cca0b39698?X-Amz-Algorithm=AWS4-HMAC-SHA256&X-Amz-Date=20200620T172220Z&X-Amz-SignedHeaders=host&X-Amz-Expires=300&X-Amz-Credential=AKIAJOBAZGDDMSAZSDSQ%2F20200620%2Fus-east-1%2Fs3%2Faws4_request&X-Amz-Signature=8dc7a93cf16ead13eb14a911efef85f407d5f452b6279e0cc4f8448936356ce7', 'UPSTART_INSTANCE': '', 'PWD': '/', 'PATH': '/usr/local/sbin:/usr/local/bin:/usr/bin:/usr/sbin:/sbin:/bin', 'CMD_NAME': 'ElasticBeanstalkCommand-AWSEBAutoScalingGroup', 'RESULT_QUEUE': 'https://sqs.us-east-1.amazonaws.com/668920780829/results', 'DISPATCHER_ID': 'arn:aws:cloudformation:us-east-1:719690574295:dispatcher/awseb-e-gd8mdnwbh7-stack/6af998bf-f564-403e-8c0e-6a95f06dbff2', 'EVENT_HANDLE': 'https://cfn-command-events-useast1.s3.us-east-1.amazonaws.com/28af40c4bc9e4e2afddc632764242babdc729826b0d486b94c72f9ba1c932e24?X-Amz-Algorithm=AWS4-HMAC-SHA256&X-Amz-Date=20200620T172220Z&X-Amz-SignedHeaders=host&X-Amz-Expires=3719&X-Amz-Credential=AKIAI5VMU34ANEXDDPWQ%2F20200620%2Fus-east-1%2Fs3%2Faws4_request&X-Amz-Signature=8d2c74feba2680d6c3cc44ffb3c48245d20c5a43c9c75868eef71e7be40c184b', '_': '/opt/aws/bin/cfn-hup', 'INVOCATION_ID': 'c8f2da5f-f79e-491b-9eaa-29d2265f2ab6'}
