2020-06-20 16:10:00,082 [INFO] -----------------------Starting build-----------------------
2020-06-20 16:10:00,092 [INFO] Running configSets: _OnInstanceBoot
2020-06-20 16:10:00,096 [INFO] Running configSet _OnInstanceBoot
2020-06-20 16:10:00,101 [INFO] Running config AWSEBBaseConfig
2020-06-20 16:10:00,107 [INFO] Command clearbackupfiles succeeded
2020-06-20 16:10:00,114 [INFO] Running config AWSEBMessageOfTheDay
2020-06-20 16:10:00,118 [INFO] Command 01clearoriginal succeeded
2020-06-20 16:10:00,123 [INFO] Command 02createbanner succeeded
2020-06-20 16:10:00,136 [INFO] Command 03updatebanner succeeded
2020-06-20 16:10:00,144 [INFO] Running config AWSEBULimitConfig
2020-06-20 16:10:00,149 [INFO] Command 00removebackup succeeded
2020-06-20 16:10:00,155 [INFO] Running config AWSEBCfnHupEndpointOverride
2020-06-20 16:10:00,159 [INFO] Command clearbackupfiles succeeded
2020-06-20 16:10:00,164 [INFO] Running config Infra-InstallContainerHooksPkg
2020-06-20 16:10:00,169 [INFO] Command 00mkdir succeeded
2020-06-20 16:10:00,205 [INFO] Command 01download_container_hooks succeeded
2020-06-20 16:10:00,213 [INFO] Command 02install_container_hooks succeeded
2020-06-20 16:10:00,217 [INFO] Command 03cleanup succeeded
2020-06-20 16:10:00,222 [INFO] Running config Infra-WriteLeaderTestScript
2020-06-20 16:10:00,227 [INFO] Running config Infra-WriteTailLogsConf
2020-06-20 16:10:00,233 [INFO] Running config Infra-WriteSystemTailLogsConf
2020-06-20 16:10:00,238 [INFO] Running config Infra-WriteBundleLogsConf
2020-06-20 16:10:00,243 [INFO] Running config Infra-WritePublishLogsConf
2020-06-20 16:10:00,247 [INFO] Running config Infra-WritePublishLogsCron
2020-06-20 16:10:00,249 [INFO] ConfigSets completed
2020-06-20 16:10:00,249 [INFO] -----------------------Build complete-----------------------
2020-06-20 16:10:32,225 [INFO] -----------------------Starting build-----------------------
2020-06-20 16:10:32,232 [INFO] Running configSets: Infra-EmbeddedPreBuild
2020-06-20 16:10:32,235 [INFO] Running configSet Infra-EmbeddedPreBuild
2020-06-20 16:10:32,238 [INFO] Running config prebuild_0_Spring_REST_API
2020-06-20 16:10:32,240 [INFO] ConfigSets completed
2020-06-20 16:10:32,240 [INFO] -----------------------Build complete-----------------------
2020-06-20 16:10:51,110 [INFO] -----------------------Starting build-----------------------
2020-06-20 16:10:51,117 [INFO] Running configSets: Infra-EmbeddedPostBuild
2020-06-20 16:10:51,121 [INFO] Running configSet Infra-EmbeddedPostBuild
2020-06-20 16:10:51,121 [INFO] ConfigSets completed
2020-06-20 16:10:51,121 [INFO] -----------------------Build complete-----------------------
2020-06-20 16:13:37,958 [INFO] -----------------------Starting build-----------------------
2020-06-20 16:13:37,965 [INFO] Running configSets: Infra-EmbeddedPreBuild
2020-06-20 16:13:37,968 [INFO] Running configSet Infra-EmbeddedPreBuild
2020-06-20 16:13:37,969 [INFO] ConfigSets completed
2020-06-20 16:13:37,969 [INFO] -----------------------Build complete-----------------------
2020-06-20 16:13:39,295 [INFO] -----------------------Starting build-----------------------
2020-06-20 16:13:39,302 [INFO] Running configSets: Infra-EmbeddedPostBuild
2020-06-20 16:13:39,305 [INFO] Running configSet Infra-EmbeddedPostBuild
2020-06-20 16:13:39,306 [INFO] ConfigSets completed
2020-06-20 16:13:39,306 [INFO] -----------------------Build complete-----------------------
2020-06-20 16:45:37,153 [INFO] -----------------------Starting build-----------------------
2020-06-20 16:45:37,161 [INFO] Running configSets: Infra-EmbeddedPreBuild
2020-06-20 16:45:37,164 [INFO] Running configSet Infra-EmbeddedPreBuild
2020-06-20 16:45:37,164 [INFO] ConfigSets completed
2020-06-20 16:45:37,164 [INFO] -----------------------Build complete-----------------------
2020-06-20 16:45:38,700 [INFO] -----------------------Starting build-----------------------
2020-06-20 16:45:38,708 [INFO] Running configSets: Infra-EmbeddedPostBuild
2020-06-20 16:45:38,711 [INFO] Running configSet Infra-EmbeddedPostBuild
2020-06-20 16:45:38,711 [INFO] ConfigSets completed
2020-06-20 16:45:38,711 [INFO] -----------------------Build complete-----------------------
2020-06-20 17:12:58,481 [INFO] -----------------------Starting build-----------------------
2020-06-20 17:12:58,489 [INFO] Running configSets: Infra-EmbeddedPreBuild
2020-06-20 17:12:58,492 [INFO] Running configSet Infra-EmbeddedPreBuild
2020-06-20 17:12:58,492 [INFO] ConfigSets completed
2020-06-20 17:12:58,492 [INFO] -----------------------Build complete-----------------------
2020-06-20 17:12:59,844 [INFO] -----------------------Starting build-----------------------
2020-06-20 17:12:59,852 [INFO] Running configSets: Infra-EmbeddedPostBuild
2020-06-20 17:12:59,855 [INFO] Running configSet Infra-EmbeddedPostBuild
2020-06-20 17:12:59,855 [INFO] ConfigSets completed
2020-06-20 17:12:59,855 [INFO] -----------------------Build complete-----------------------
