2020-06-20 16:10:00,096 P2758 [INFO] ************************************************************
2020-06-20 16:10:00,096 P2758 [INFO] ConfigSet _OnInstanceBoot
2020-06-20 16:10:00,101 P2758 [INFO] ++++++++++++++++++++++++++++++++++++++++++++++++++++++++++++
2020-06-20 16:10:00,102 P2758 [INFO] Config AWSEBBaseConfig
2020-06-20 16:10:00,103 P2758 [INFO] ============================================================
2020-06-20 16:10:00,104 P2758 [INFO] Command clearbackupfiles
2020-06-20 16:10:00,107 P2758 [INFO] Completed successfully.
2020-06-20 16:10:00,114 P2758 [INFO] ++++++++++++++++++++++++++++++++++++++++++++++++++++++++++++
2020-06-20 16:10:00,114 P2758 [INFO] Config AWSEBMessageOfTheDay
2020-06-20 16:10:00,114 P2758 [INFO] ============================================================
2020-06-20 16:10:00,115 P2758 [INFO] Command 01clearoriginal
2020-06-20 16:10:00,118 P2758 [INFO] Completed successfully.
2020-06-20 16:10:00,119 P2758 [INFO] ============================================================
2020-06-20 16:10:00,119 P2758 [INFO] Command 02createbanner
2020-06-20 16:10:00,123 P2758 [INFO] Completed successfully.
2020-06-20 16:10:00,124 P2758 [INFO] ============================================================
2020-06-20 16:10:00,124 P2758 [INFO] Command 03updatebanner
2020-06-20 16:10:00,136 P2758 [INFO] Completed successfully.
2020-06-20 16:10:00,144 P2758 [INFO] ++++++++++++++++++++++++++++++++++++++++++++++++++++++++++++
2020-06-20 16:10:00,144 P2758 [INFO] Config AWSEBULimitConfig
2020-06-20 16:10:00,145 P2758 [INFO] ============================================================
2020-06-20 16:10:00,145 P2758 [INFO] Command 00removebackup
2020-06-20 16:10:00,149 P2758 [INFO] Completed successfully.
2020-06-20 16:10:00,155 P2758 [INFO] ++++++++++++++++++++++++++++++++++++++++++++++++++++++++++++
2020-06-20 16:10:00,155 P2758 [INFO] Config AWSEBCfnHupEndpointOverride
2020-06-20 16:10:00,156 P2758 [INFO] ============================================================
2020-06-20 16:10:00,156 P2758 [INFO] Command clearbackupfiles
2020-06-20 16:10:00,159 P2758 [INFO] Completed successfully.
2020-06-20 16:10:00,165 P2758 [INFO] ++++++++++++++++++++++++++++++++++++++++++++++++++++++++++++
2020-06-20 16:10:00,165 P2758 [INFO] Config Infra-InstallContainerHooksPkg
2020-06-20 16:10:00,165 P2758 [INFO] ============================================================
2020-06-20 16:10:00,165 P2758 [INFO] Command 00mkdir
2020-06-20 16:10:00,168 P2758 [INFO] Completed successfully.
2020-06-20 16:10:00,169 P2758 [INFO] ============================================================
2020-06-20 16:10:00,169 P2758 [INFO] Command 01download_container_hooks
2020-06-20 16:10:00,204 P2758 [INFO] Completed successfully.
2020-06-20 16:10:00,205 P2758 [INFO] ============================================================
2020-06-20 16:10:00,205 P2758 [INFO] Command 02install_container_hooks
2020-06-20 16:10:00,213 P2758 [INFO] Completed successfully.
2020-06-20 16:10:00,213 P2758 [INFO] ============================================================
2020-06-20 16:10:00,213 P2758 [INFO] Command 03cleanup
2020-06-20 16:10:00,216 P2758 [INFO] Completed successfully.
2020-06-20 16:10:00,222 P2758 [INFO] ++++++++++++++++++++++++++++++++++++++++++++++++++++++++++++
2020-06-20 16:10:00,222 P2758 [INFO] Config Infra-WriteLeaderTestScript
2020-06-20 16:10:00,227 P2758 [INFO] ++++++++++++++++++++++++++++++++++++++++++++++++++++++++++++
2020-06-20 16:10:00,228 P2758 [INFO] Config Infra-WriteTailLogsConf
2020-06-20 16:10:00,233 P2758 [INFO] ++++++++++++++++++++++++++++++++++++++++++++++++++++++++++++
2020-06-20 16:10:00,233 P2758 [INFO] Config Infra-WriteSystemTailLogsConf
2020-06-20 16:10:00,238 P2758 [INFO] ++++++++++++++++++++++++++++++++++++++++++++++++++++++++++++
2020-06-20 16:10:00,238 P2758 [INFO] Config Infra-WriteBundleLogsConf
2020-06-20 16:10:00,243 P2758 [INFO] ++++++++++++++++++++++++++++++++++++++++++++++++++++++++++++
2020-06-20 16:10:00,243 P2758 [INFO] Config Infra-WritePublishLogsConf
2020-06-20 16:10:00,248 P2758 [INFO] ++++++++++++++++++++++++++++++++++++++++++++++++++++++++++++
2020-06-20 16:10:00,248 P2758 [INFO] Config Infra-WritePublishLogsCron
2020-06-20 16:10:32,235 P3071 [INFO] ************************************************************
2020-06-20 16:10:32,235 P3071 [INFO] ConfigSet Infra-EmbeddedPreBuild
2020-06-20 16:10:32,238 P3071 [INFO] ++++++++++++++++++++++++++++++++++++++++++++++++++++++++++++
2020-06-20 16:10:32,239 P3071 [INFO] Config prebuild_0_Spring_REST_API
2020-06-20 16:10:51,121 P3158 [INFO] ************************************************************
2020-06-20 16:10:51,121 P3158 [INFO] ConfigSet Infra-EmbeddedPostBuild
2020-06-20 16:13:37,968 P3505 [INFO] ************************************************************
2020-06-20 16:13:37,969 P3505 [INFO] ConfigSet Infra-EmbeddedPreBuild
2020-06-20 16:13:39,305 P3553 [INFO] ************************************************************
2020-06-20 16:13:39,306 P3553 [INFO] ConfigSet Infra-EmbeddedPostBuild
2020-06-20 16:45:37,164 P4798 [INFO] ************************************************************
2020-06-20 16:45:37,164 P4798 [INFO] ConfigSet Infra-EmbeddedPreBuild
2020-06-20 16:45:38,711 P4845 [INFO] ************************************************************
2020-06-20 16:45:38,711 P4845 [INFO] ConfigSet Infra-EmbeddedPostBuild
2020-06-20 17:12:58,492 P6029 [INFO] ************************************************************
2020-06-20 17:12:58,492 P6029 [INFO] ConfigSet Infra-EmbeddedPreBuild
2020-06-20 17:12:59,855 P6076 [INFO] ************************************************************
2020-06-20 17:12:59,855 P6076 [INFO] ConfigSet Infra-EmbeddedPostBuild
