Headers: "{'ver': '3.0', 'poolserial': '0', 'len': '77', 'server': 'supervisor', 'eventname': 'PROCESS_STATE_STARTING', 'serial': '0', 'pool': 'listener'}"
Body: "{'from_state': 'STOPPED', 'processname': 'supervisor_listener', 'tries': '0', 'groupname': 'listener'}"
Headers: "{'ver': '3.0', 'poolserial': '1', 'len': '78', 'server': 'supervisor', 'eventname': 'PROCESS_STATE_STARTING', 'serial': '1', 'pool': 'listener'}"
Body: "{'from_state': 'STOPPED', 'processname': 'application-web-1', 'tries': '0', 'groupname': 'application'}"
Headers: "{'ver': '3.0', 'poolserial': '2', 'len': '79', 'server': 'supervisor', 'eventname': 'PROCESS_STATE_RUNNING', 'serial': '2', 'pool': 'listener'}"
Body: "{'from_state': 'STARTING', 'processname': 'supervisor_listener', 'pid': '3309', 'groupname': 'listener'}"
Headers: "{'ver': '3.0', 'poolserial': '3', 'len': '80', 'server': 'supervisor', 'eventname': 'PROCESS_STATE_RUNNING', 'serial': '3', 'pool': 'listener'}"
Body: "{'from_state': 'STARTING', 'processname': 'application-web-1', 'pid': '3310', 'groupname': 'application'}"
Headers: "{'ver': '3.0', 'poolserial': '4', 'len': '80', 'server': 'supervisor', 'eventname': 'PROCESS_STATE_STOPPED', 'serial': '4', 'pool': 'listener'}"
Body: "{'from_state': 'STOPPING', 'processname': 'application-web-1', 'pid': '3310', 'groupname': 'application'}"
Headers: "{'ver': '3.0', 'poolserial': '0', 'len': '77', 'server': 'supervisor', 'eventname': 'PROCESS_STATE_STARTING', 'serial': '0', 'pool': 'listener'}"
Body: "{'from_state': 'STOPPED', 'processname': 'supervisor_listener', 'tries': '0', 'groupname': 'listener'}"
Headers: "{'ver': '3.0', 'poolserial': '1', 'len': '78', 'server': 'supervisor', 'eventname': 'PROCESS_STATE_STARTING', 'serial': '1', 'pool': 'listener'}"
Body: "{'from_state': 'STOPPED', 'processname': 'application-web-1', 'tries': '0', 'groupname': 'application'}"
Headers: "{'ver': '3.0', 'poolserial': '2', 'len': '79', 'server': 'supervisor', 'eventname': 'PROCESS_STATE_RUNNING', 'serial': '2', 'pool': 'listener'}"
Body: "{'from_state': 'STARTING', 'processname': 'supervisor_listener', 'pid': '3705', 'groupname': 'listener'}"
Headers: "{'ver': '3.0', 'poolserial': '3', 'len': '80', 'server': 'supervisor', 'eventname': 'PROCESS_STATE_RUNNING', 'serial': '3', 'pool': 'listener'}"
Body: "{'from_state': 'STARTING', 'processname': 'application-web-1', 'pid': '3706', 'groupname': 'application'}"
Headers: "{'ver': '3.0', 'poolserial': '4', 'len': '80', 'server': 'supervisor', 'eventname': 'PROCESS_STATE_STOPPED', 'serial': '4', 'pool': 'listener'}"
Body: "{'from_state': 'STOPPING', 'processname': 'application-web-1', 'pid': '3706', 'groupname': 'application'}"
Headers: "{'ver': '3.0', 'poolserial': '0', 'len': '77', 'server': 'supervisor', 'eventname': 'PROCESS_STATE_STARTING', 'serial': '0', 'pool': 'listener'}"
Body: "{'from_state': 'STOPPED', 'processname': 'supervisor_listener', 'tries': '0', 'groupname': 'listener'}"
Headers: "{'ver': '3.0', 'poolserial': '1', 'len': '78', 'server': 'supervisor', 'eventname': 'PROCESS_STATE_STARTING', 'serial': '1', 'pool': 'listener'}"
Body: "{'from_state': 'STOPPED', 'processname': 'application-web-1', 'tries': '0', 'groupname': 'application'}"
Headers: "{'ver': '3.0', 'poolserial': '2', 'len': '79', 'server': 'supervisor', 'eventname': 'PROCESS_STATE_RUNNING', 'serial': '2', 'pool': 'listener'}"
Body: "{'from_state': 'STARTING', 'processname': 'supervisor_listener', 'pid': '4998', 'groupname': 'listener'}"
Headers: "{'ver': '3.0', 'poolserial': '3', 'len': '80', 'server': 'supervisor', 'eventname': 'PROCESS_STATE_RUNNING', 'serial': '3', 'pool': 'listener'}"
Body: "{'from_state': 'STARTING', 'processname': 'application-web-1', 'pid': '4999', 'groupname': 'application'}"
Headers: "{'ver': '3.0', 'poolserial': '4', 'len': '80', 'server': 'supervisor', 'eventname': 'PROCESS_STATE_STOPPED', 'serial': '4', 'pool': 'listener'}"
Body: "{'from_state': 'STOPPING', 'processname': 'application-web-1', 'pid': '4999', 'groupname': 'application'}"
Headers: "{'ver': '3.0', 'poolserial': '0', 'len': '77', 'server': 'supervisor', 'eventname': 'PROCESS_STATE_STARTING', 'serial': '0', 'pool': 'listener'}"
Body: "{'from_state': 'STOPPED', 'processname': 'supervisor_listener', 'tries': '0', 'groupname': 'listener'}"
Headers: "{'ver': '3.0', 'poolserial': '1', 'len': '78', 'server': 'supervisor', 'eventname': 'PROCESS_STATE_STARTING', 'serial': '1', 'pool': 'listener'}"
Body: "{'from_state': 'STOPPED', 'processname': 'application-web-1', 'tries': '0', 'groupname': 'application'}"
Headers: "{'ver': '3.0', 'poolserial': '2', 'len': '79', 'server': 'supervisor', 'eventname': 'PROCESS_STATE_RUNNING', 'serial': '2', 'pool': 'listener'}"
Body: "{'from_state': 'STARTING', 'processname': 'supervisor_listener', 'pid': '6245', 'groupname': 'listener'}"
Headers: "{'ver': '3.0', 'poolserial': '3', 'len': '80', 'server': 'supervisor', 'eventname': 'PROCESS_STATE_RUNNING', 'serial': '3', 'pool': 'listener'}"
Body: "{'from_state': 'STARTING', 'processname': 'application-web-1', 'pid': '6246', 'groupname': 'application'}"
