2020-06-20 16:26:54,966 [INFO] (4159 MainThread) [tailLogs.py-56] [root tailLogs main] Starting tail logs task with batch id 735421a2-308c-43eb-a735-0c80cd92d754
2020-06-20 16:26:54,970 [INFO] (4159 MainThread) [upload_tools.py-293] [root upload_tools execute] Successfully tailed file /var/log/nginx/error.log
2020-06-20 16:26:54,973 [INFO] (4159 MainThread) [upload_tools.py-293] [root upload_tools execute] Successfully tailed file /var/log/web-1.log
2020-06-20 16:26:54,973 [INFO] (4159 MainThread) [upload_tools.py-293] [root upload_tools execute] Successfully tailed file /var/log/web-1.error.log
2020-06-20 16:26:54,976 [INFO] (4159 MainThread) [upload_tools.py-293] [root upload_tools execute] Successfully tailed file /var/log/eb-activity.log
2020-06-20 16:26:54,977 [INFO] (4159 MainThread) [upload_tools.py-293] [root upload_tools execute] Successfully tailed file /var/log/nginx/access.log
2020-06-20 16:26:54,979 [INFO] (4159 MainThread) [upload_tools.py-293] [root upload_tools execute] Successfully tailed file /var/log/eb-commandprocessor.log
2020-06-20 16:26:55,056 [INFO] (4159 MainThread) [s3_tools.py-208] [root s3_tools _process_result] Received status code 200 with text: 
2020-06-20 16:26:55,057 [INFO] (4159 MainThread) [upload_tools.py-317] [root upload_tools __exit__] Successfully uploaded tailed content for 6 files to s3 at location resources/environments/logs/tail/e-gd8mdnwbh7/i-0c873ea98464cc837/TailLogs-1592670414979.out
2020-06-20 16:26:55,057 [INFO] (4159 MainThread) [tailLogs.py-92] [root tailLogs main] [Instance: i-0c873ea98464cc837] Successfully finished tailing 6 log(s)
2020-06-20 16:50:19,748 [INFO] (5221 MainThread) [tailLogs.py-56] [root tailLogs main] Starting tail logs task with batch id b2099b41-3d89-4465-97fb-89c5414949d6
2020-06-20 16:50:19,753 [INFO] (5221 MainThread) [upload_tools.py-293] [root upload_tools execute] Successfully tailed file /var/log/nginx/error.log
2020-06-20 16:50:19,757 [INFO] (5221 MainThread) [upload_tools.py-293] [root upload_tools execute] Successfully tailed file /var/log/web-1.log
2020-06-20 16:50:19,757 [INFO] (5221 MainThread) [upload_tools.py-293] [root upload_tools execute] Successfully tailed file /var/log/web-1.error.log
2020-06-20 16:50:19,760 [INFO] (5221 MainThread) [upload_tools.py-293] [root upload_tools execute] Successfully tailed file /var/log/eb-activity.log
2020-06-20 16:50:19,761 [INFO] (5221 MainThread) [upload_tools.py-293] [root upload_tools execute] Successfully tailed file /var/log/nginx/access.log
2020-06-20 16:50:19,763 [INFO] (5221 MainThread) [upload_tools.py-293] [root upload_tools execute] Successfully tailed file /var/log/eb-commandprocessor.log
2020-06-20 16:50:19,863 [INFO] (5221 MainThread) [s3_tools.py-208] [root s3_tools _process_result] Received status code 200 with text: 
2020-06-20 16:50:19,863 [INFO] (5221 MainThread) [upload_tools.py-317] [root upload_tools __exit__] Successfully uploaded tailed content for 6 files to s3 at location resources/environments/logs/tail/e-gd8mdnwbh7/i-0c873ea98464cc837/TailLogs-1592671819764.out
2020-06-20 16:50:19,863 [INFO] (5221 MainThread) [tailLogs.py-92] [root tailLogs main] [Instance: i-0c873ea98464cc837] Successfully finished tailing 6 log(s)
2020-06-20 17:21:46,894 [INFO] (6559 MainThread) [tailLogs.py-56] [root tailLogs main] Starting tail logs task with batch id d612bd8b-262b-42a4-933a-a37e3a529c36
2020-06-20 17:21:46,898 [INFO] (6559 MainThread) [upload_tools.py-293] [root upload_tools execute] Successfully tailed file /var/log/nginx/error.log
2020-06-20 17:21:46,900 [INFO] (6559 MainThread) [upload_tools.py-293] [root upload_tools execute] Successfully tailed file /var/log/web-1.log
2020-06-20 17:21:46,900 [INFO] (6559 MainThread) [upload_tools.py-293] [root upload_tools execute] Successfully tailed file /var/log/web-1.error.log
2020-06-20 17:21:46,903 [INFO] (6559 MainThread) [upload_tools.py-293] [root upload_tools execute] Successfully tailed file /var/log/eb-activity.log
2020-06-20 17:21:46,904 [INFO] (6559 MainThread) [upload_tools.py-293] [root upload_tools execute] Successfully tailed file /var/log/nginx/access.log
2020-06-20 17:21:46,907 [INFO] (6559 MainThread) [upload_tools.py-293] [root upload_tools execute] Successfully tailed file /var/log/eb-commandprocessor.log
2020-06-20 17:21:47,319 [INFO] (6559 MainThread) [s3_tools.py-208] [root s3_tools _process_result] Received status code 200 with text: 
2020-06-20 17:21:47,319 [INFO] (6559 MainThread) [upload_tools.py-317] [root upload_tools __exit__] Successfully uploaded tailed content for 6 files to s3 at location resources/environments/logs/tail/e-gd8mdnwbh7/i-0c873ea98464cc837/TailLogs-1592673706907.out
2020-06-20 17:21:47,319 [INFO] (6559 MainThread) [tailLogs.py-92] [root tailLogs main] [Instance: i-0c873ea98464cc837] Successfully finished tailing 6 log(s)
2020-06-20 17:22:21,023 [INFO] (6596 MainThread) [bundleLogs.py-54] [root bundleLogs main] Starting bundle logs task with batch id d04bd076-d02a-47c9-9724-f6681b988a6f
